<!DOCTYPE html PUBLIC "-//W3C//DTD XHTML 1.0 Transitional//EN" "http://www.w3.org/TR/xhtml1/DTD/xhtml1-transitional.dtd">
<!-- Generated by Apache Maven Doxia Site Renderer 1.4 at 2016-04-23 -->
<html xmlns="http://www.w3.org/1999/xhtml" xml:lang="en" lang="en">
  <head>
    <meta http-equiv="Content-Type" content="text/html; charset=UTF-8" />
    <title>Title_Validation_full - Surefire Report</title>
    <style type="text/css" media="all">
      @import url("./css/maven-base.css");
      @import url("./css/maven-theme.css");
      @import url("./css/site.css");
    </style>
    <link rel="stylesheet" href="./css/print.css" type="text/css" media="print" />
    <meta name="Date-Revision-yyyymmdd" content="20160423" />
    <meta http-equiv="Content-Language" content="en" />
        
        </head>
  <body class="composite">
    <div id="banner">
                    <div id="bannerLeft">
                Title_Validation_full
                </div>
                    <div class="clear">
        <hr/>
      </div>
    </div>
    <div id="breadcrumbs">
            
                    
                <div class="xleft">
        <span id="publishDate">Last Published: 2016-04-23</span>
                  &nbsp;| <span id="projectVersion">Version: 1.1</span>
                      </div>
            <div class="xright">                    <a href="./" title="Title_Validation_full">Title_Validation_full</a>
              
                    
      </div>
      <div class="clear">
        <hr/>
      </div>
    </div>
    <div id="leftColumn">
      <div id="navcolumn">
             
                    
                                          <h5>Project Documentation</h5>
                  <ul>
                                                                                                                                                                                <li class="collapsed">
                          <a href="project-info.html" title="Project Information">Project Information</a>
                  </li>
                                                                              <li class="expanded">
                          <a href="project-reports.html" title="Project Reports">Project Reports</a>
                    <ul>
                      <li class="none">
            <strong>Surefire Report</strong>
          </li>
              </ul>
        </li>
          </ul>
                             <a href="http://maven.apache.org/" title="Built by Maven" class="poweredBy">
        <img class="poweredBy" alt="Built by Maven" src="./images/logos/maven-feather.png" />
      </a>
                   
                    
            </div>
    </div>
    <div id="bodyColumn">
      <div id="contentBox">
        <script type="text/javascript">
//<![CDATA[
function toggleDisplay(elementId) {
 var elm = document.getElementById(elementId + 'error');
 if (elm && typeof elm.style != "undefined") {
 if (elm.style.display == "none") {
 elm.style.display = "";
 document.getElementById(elementId + 'off').style.display = "none";
 document.getElementById(elementId + 'on').style.display = "inline";
 } else if (elm.style.display == "") { elm.style.display = "none";
 document.getElementById(elementId + 'off').style.display = "inline";
 document.getElementById(elementId + 'on').style.display = "none";
 } 
 } 
 }
//]]>
</script>
<div class="section">
<h2>Surefire Report<a name="Surefire_Report"></a></h2></div>
<div class="section">
<h2>Summary<a name="Summary"></a></h2><a name="Summary"></a>
<p>[<a href="#Summary">Summary</a>] [<a href="#Package_List">Package List</a>] [<a href="#Test_Cases">Test Cases</a>]</p><br />
<table border="1" class="bodyTable">
<tr class="a">
<th>Tests</th>
<th>Errors </th>
<th>Failures</th>
<th>Skipped</th>
<th>Success Rate</th>
<th>Time</th></tr>
<tr class="b">
<td>25</td>
<td>0</td>
<td>15</td>
<td>0</td>
<td>40%</td>
<td>0.062</td></tr></table><br />
<p>Note: failures are anticipated and checked for with assertions while errors are unanticipated.</p><br /></div>
<div class="section">
<h2>Package List<a name="Package_List"></a></h2><a name="Package_List"></a>
<p>[<a href="#Summary">Summary</a>] [<a href="#Package_List">Package List</a>] [<a href="#Test_Cases">Test Cases</a>]</p><br />
<table border="1" class="bodyTable">
<tr class="a">
<th>Package</th>
<th>Tests</th>
<th>Errors </th>
<th>Failures</th>
<th>Skipped</th>
<th>Success Rate</th>
<th>Time</th></tr>
<tr class="b">
<td><a href="#core">core</a></td>
<td>25</td>
<td>0</td>
<td>15</td>
<td>0</td>
<td>40%</td>
<td>0.062</td></tr></table><br />
<p>Note: package statistics are not computed recursively, they only sum up all of its testsuites numbers.</p>
<div class="section">
<h3>core<a name="core"></a></h3><a name="core"></a>
<table border="1" class="bodyTable">
<tr class="a">
<th></th>
<th>Class</th>
<th>Tests</th>
<th>Errors </th>
<th>Failures</th>
<th>Skipped</th>
<th>Success Rate</th>
<th>Time</th></tr>
<tr class="b">
<td><a href="#coreSeleniumTest"><img src="images/icon_warning_sml.gif" alt="" /></a></td>
<td><a href="#coreSeleniumTest">SeleniumTest</a></td>
<td>25</td>
<td>0</td>
<td>15</td>
<td>0</td>
<td>40%</td>
<td>0.062</td></tr></table></div><br /></div>
<div class="section">
<h2>Test Cases<a name="Test_Cases"></a></h2><a name="Test_Cases"></a>
<p>[<a href="#Summary">Summary</a>] [<a href="#Package_List">Package List</a>] [<a href="#Test_Cases">Test Cases</a>]</p>
<div class="section">
<h3>SeleniumTest<a name="SeleniumTest"></a></h3><a name="coreSeleniumTest"></a>
<table border="1" class="bodyTable">
<tr class="a">
<td><img src="images/icon_success_sml.gif" alt="" /></td>
<td><a name="TC_core.SeleniumTest.test_Title_ValidationIteration__0_:_exp:_Yandex_act:_Yandex"></a>test_Title_Validation[Iteration # 0 : exp: Yandex; act: Yandex]</td>
<td>0</td></tr>
<tr class="b">
<td><img src="images/icon_success_sml.gif" alt="" /></td>
<td><a name="TC_core.SeleniumTest.test_Title_ValidationIteration__1_:_exp:_www.alegro.com_act:_www.alegro.com"></a>test_Title_Validation[Iteration # 1 : exp: www.alegro.com; act: www.alegro.com]</td>
<td>0</td></tr>
<tr class="a">
<td><a href="#core.SeleniumTest.test_Title_ValidationIteration__2_:_exp:_www.alegro.net_act:_www.alegro.com"><img src="images/icon_error_sml.gif" alt="" /></a></td>
<td><a name="TC_core.SeleniumTest.test_Title_ValidationIteration__2_:_exp:_www.alegro.net_act:_www.alegro.com"></a><a href="#core.SeleniumTest.test_Title_ValidationIteration__2_:_exp:_www.alegro.net_act:_www.alegro.com">test_Title_Validation[Iteration # 2 : exp: www.alegro.net; act: www.alegro.com]</a>
<div class="detailToggle" style="display:inline"><a href="javascript:toggleDisplay(&apos;core.SeleniumTest.test_Title_ValidationIteration__2_:_exp:_www.alegro.net_act:_www.alegro.com&apos;);"><span style="display:inline;" id="core.SeleniumTest.test_Title_ValidationIteration__2_:_exp:_www.alegro.net_act:_www.alegro.comoff"> + </span><span style="display:none;" id="core.SeleniumTest.test_Title_ValidationIteration__2_:_exp:_www.alegro.net_act:_www.alegro.comon"> - </span>[ Detail ]</a></div></td>
<td>0.016</td></tr>
<tr class="b">
<td></td>
<td>FAILED expected:&lt;www.alegro.[net]&gt; but was:&lt;www.alegro.[com]&gt;</td>
<td></td></tr>
<tr class="a">
<td></td>
<td>
<div id="core.SeleniumTest.test_Title_ValidationIteration__2_:_exp:_www.alegro.net_act:_www.alegro.comerror" style="display:none;">
<div>
<pre>org.junit.ComparisonFailure: FAILED expected:&lt;www.alegro.[net]&gt; but was:&lt;www.alegro.[com]&gt;
	at org.junit.Assert.assertEquals(Assert.java:115)
	at core.SeleniumTest.test_Title_Validation(SeleniumTest.java:51)
	at sun.reflect.NativeMethodAccessorImpl.invoke0(Native Method)
	at sun.reflect.NativeMethodAccessorImpl.invoke(NativeMethodAccessorImpl.java:57)
	at sun.reflect.DelegatingMethodAccessorImpl.invoke(DelegatingMethodAccessorImpl.java:43)
	at java.lang.reflect.Method.invoke(Method.java:606)
	at org.junit.runners.model.FrameworkMethod$1.runReflectiveCall(FrameworkMethod.java:50)
	at org.junit.internal.runners.model.ReflectiveCallable.run(ReflectiveCallable.java:12)
	at org.junit.runners.model.FrameworkMethod.invokeExplosively(FrameworkMethod.java:47)
	at org.junit.internal.runners.statements.InvokeMethod.evaluate(InvokeMethod.java:17)
	at org.junit.runners.ParentRunner.runLeaf(ParentRunner.java:325)
	at org.junit.runners.BlockJUnit4ClassRunner.runChild(BlockJUnit4ClassRunner.java:78)
	at org.junit.runners.BlockJUnit4ClassRunner.runChild(BlockJUnit4ClassRunner.java:57)
	at org.junit.runners.ParentRunner$3.run(ParentRunner.java:290)
	at org.junit.runners.ParentRunner$1.schedule(ParentRunner.java:71)
	at org.junit.runners.ParentRunner.runChildren(ParentRunner.java:288)
	at org.junit.runners.ParentRunner.access$000(ParentRunner.java:58)
	at org.junit.runners.ParentRunner$2.evaluate(ParentRunner.java:268)
	at org.junit.runners.ParentRunner.run(ParentRunner.java:363)
	at org.junit.runners.Suite.runChild(Suite.java:128)
	at org.junit.runners.Suite.runChild(Suite.java:27)
	at org.junit.runners.ParentRunner$3.run(ParentRunner.java:290)
	at org.junit.runners.ParentRunner$1.schedule(ParentRunner.java:71)
	at org.junit.runners.ParentRunner.runChildren(ParentRunner.java:288)
	at org.junit.runners.ParentRunner.access$000(ParentRunner.java:58)
	at org.junit.runners.ParentRunner$2.evaluate(ParentRunner.java:268)
	at org.junit.internal.runners.statements.RunBefores.evaluate(RunBefores.java:26)
	at org.junit.runners.ParentRunner.run(ParentRunner.java:363)
	at org.junit.runners.Suite.runChild(Suite.java:128)
	at org.junit.runners.Suite.runChild(Suite.java:27)
	at org.junit.runners.ParentRunner$3.run(ParentRunner.java:290)
	at org.junit.runners.ParentRunner$1.schedule(ParentRunner.java:71)
	at org.junit.runners.ParentRunner.runChildren(ParentRunner.java:288)
	at org.junit.runners.ParentRunner.access$000(ParentRunner.java:58)
	at org.junit.runners.ParentRunner$2.evaluate(ParentRunner.java:268)
	at org.junit.runners.ParentRunner.run(ParentRunner.java:363)
	at org.apache.maven.surefire.junit4.JUnit4Provider.execute(JUnit4Provider.java:252)
	at org.apache.maven.surefire.junit4.JUnit4Provider.executeTestSet(JUnit4Provider.java:141)
	at org.apache.maven.surefire.junit4.JUnit4Provider.invoke(JUnit4Provider.java:112)
	at sun.reflect.NativeMethodAccessorImpl.invoke0(Native Method)
	at sun.reflect.NativeMethodAccessorImpl.invoke(NativeMethodAccessorImpl.java:57)
	at sun.reflect.DelegatingMethodAccessorImpl.invoke(DelegatingMethodAccessorImpl.java:43)
	at java.lang.reflect.Method.invoke(Method.java:606)
	at org.apache.maven.surefire.util.ReflectionUtils.invokeMethodWithArray(ReflectionUtils.java:189)
	at org.apache.maven.surefire.booter.ProviderFactory$ProviderProxy.invoke(ProviderFactory.java:165)
	at org.apache.maven.surefire.booter.ProviderFactory.invokeProvider(ProviderFactory.java:85)
	at org.apache.maven.surefire.booter.ForkedBooter.runSuitesInProcess(ForkedBooter.java:115)
	at org.apache.maven.surefire.booter.ForkedBooter.main(ForkedBooter.java:75)</pre></div></div></td>
<td></td></tr>
<tr class="b">
<td><a href="#core.SeleniumTest.test_Title_ValidationIteration__3_:_exp:_Page_act:_Main_-_Wikipedia_the_free_encyclopedia"><img src="images/icon_error_sml.gif" alt="" /></a></td>
<td><a name="TC_core.SeleniumTest.test_Title_ValidationIteration__3_:_exp:_Page_act:_Main_-_Wikipedia_the_free_encyclopedia"></a><a href="#core.SeleniumTest.test_Title_ValidationIteration__3_:_exp:_Page_act:_Main_-_Wikipedia_the_free_encyclopedia">test_Title_Validation[Iteration # 3 : exp: Page; act: Main - Wikipedia, the free encyclopedia]</a>
<div class="detailToggle" style="display:inline"><a href="javascript:toggleDisplay(&apos;core.SeleniumTest.test_Title_ValidationIteration__3_:_exp:_Page_act:_Main_-_Wikipedia_the_free_encyclopedia&apos;);"><span style="display:inline;" id="core.SeleniumTest.test_Title_ValidationIteration__3_:_exp:_Page_act:_Main_-_Wikipedia_the_free_encyclopediaoff"> + </span><span style="display:none;" id="core.SeleniumTest.test_Title_ValidationIteration__3_:_exp:_Page_act:_Main_-_Wikipedia_the_free_encyclopediaon"> - </span>[ Detail ]</a></div></td>
<td>0</td></tr>
<tr class="a">
<td></td>
<td>FAILED expected:&lt;[Page]&gt; but was:&lt;[Main - Wikipedia, the free encyclopedia]&gt;</td>
<td></td></tr>
<tr class="b">
<td></td>
<td>
<div id="core.SeleniumTest.test_Title_ValidationIteration__3_:_exp:_Page_act:_Main_-_Wikipedia_the_free_encyclopediaerror" style="display:none;">
<div>
<pre>org.junit.ComparisonFailure: FAILED expected:&lt;[Page]&gt; but was:&lt;[Main - Wikipedia, the free encyclopedia]&gt;
	at org.junit.Assert.assertEquals(Assert.java:115)
	at core.SeleniumTest.test_Title_Validation(SeleniumTest.java:51)
	at sun.reflect.NativeMethodAccessorImpl.invoke0(Native Method)
	at sun.reflect.NativeMethodAccessorImpl.invoke(NativeMethodAccessorImpl.java:57)
	at sun.reflect.DelegatingMethodAccessorImpl.invoke(DelegatingMethodAccessorImpl.java:43)
	at java.lang.reflect.Method.invoke(Method.java:606)
	at org.junit.runners.model.FrameworkMethod$1.runReflectiveCall(FrameworkMethod.java:50)
	at org.junit.internal.runners.model.ReflectiveCallable.run(ReflectiveCallable.java:12)
	at org.junit.runners.model.FrameworkMethod.invokeExplosively(FrameworkMethod.java:47)
	at org.junit.internal.runners.statements.InvokeMethod.evaluate(InvokeMethod.java:17)
	at org.junit.runners.ParentRunner.runLeaf(ParentRunner.java:325)
	at org.junit.runners.BlockJUnit4ClassRunner.runChild(BlockJUnit4ClassRunner.java:78)
	at org.junit.runners.BlockJUnit4ClassRunner.runChild(BlockJUnit4ClassRunner.java:57)
	at org.junit.runners.ParentRunner$3.run(ParentRunner.java:290)
	at org.junit.runners.ParentRunner$1.schedule(ParentRunner.java:71)
	at org.junit.runners.ParentRunner.runChildren(ParentRunner.java:288)
	at org.junit.runners.ParentRunner.access$000(ParentRunner.java:58)
	at org.junit.runners.ParentRunner$2.evaluate(ParentRunner.java:268)
	at org.junit.runners.ParentRunner.run(ParentRunner.java:363)
	at org.junit.runners.Suite.runChild(Suite.java:128)
	at org.junit.runners.Suite.runChild(Suite.java:27)
	at org.junit.runners.ParentRunner$3.run(ParentRunner.java:290)
	at org.junit.runners.ParentRunner$1.schedule(ParentRunner.java:71)
	at org.junit.runners.ParentRunner.runChildren(ParentRunner.java:288)
	at org.junit.runners.ParentRunner.access$000(ParentRunner.java:58)
	at org.junit.runners.ParentRunner$2.evaluate(ParentRunner.java:268)
	at org.junit.internal.runners.statements.RunBefores.evaluate(RunBefores.java:26)
	at org.junit.runners.ParentRunner.run(ParentRunner.java:363)
	at org.junit.runners.Suite.runChild(Suite.java:128)
	at org.junit.runners.Suite.runChild(Suite.java:27)
	at org.junit.runners.ParentRunner$3.run(ParentRunner.java:290)
	at org.junit.runners.ParentRunner$1.schedule(ParentRunner.java:71)
	at org.junit.runners.ParentRunner.runChildren(ParentRunner.java:288)
	at org.junit.runners.ParentRunner.access$000(ParentRunner.java:58)
	at org.junit.runners.ParentRunner$2.evaluate(ParentRunner.java:268)
	at org.junit.runners.ParentRunner.run(ParentRunner.java:363)
	at org.apache.maven.surefire.junit4.JUnit4Provider.execute(JUnit4Provider.java:252)
	at org.apache.maven.surefire.junit4.JUnit4Provider.executeTestSet(JUnit4Provider.java:141)
	at org.apache.maven.surefire.junit4.JUnit4Provider.invoke(JUnit4Provider.java:112)
	at sun.reflect.NativeMethodAccessorImpl.invoke0(Native Method)
	at sun.reflect.NativeMethodAccessorImpl.invoke(NativeMethodAccessorImpl.java:57)
	at sun.reflect.DelegatingMethodAccessorImpl.invoke(DelegatingMethodAccessorImpl.java:43)
	at java.lang.reflect.Method.invoke(Method.java:606)
	at org.apache.maven.surefire.util.ReflectionUtils.invokeMethodWithArray(ReflectionUtils.java:189)
	at org.apache.maven.surefire.booter.ProviderFactory$ProviderProxy.invoke(ProviderFactory.java:165)
	at org.apache.maven.surefire.booter.ProviderFactory.invokeProvider(ProviderFactory.java:85)
	at org.apache.maven.surefire.booter.ForkedBooter.runSuitesInProcess(ForkedBooter.java:115)
	at org.apache.maven.surefire.booter.ForkedBooter.main(ForkedBooter.java:75)</pre></div></div></td>
<td></td></tr>
<tr class="a">
<td><img src="images/icon_success_sml.gif" alt="" /></td>
<td><a name="TC_core.SeleniumTest.test_Title_ValidationIteration__4_:_exp:_Google_act:_Google"></a>test_Title_Validation[Iteration # 4 : exp: Google; act: Google]</td>
<td>0.016</td></tr>
<tr class="b">
<td><a href="#core.SeleniumTest.test_Title_ValidationIteration__5_:_exp:_gogle_act:_Google"><img src="images/icon_error_sml.gif" alt="" /></a></td>
<td><a name="TC_core.SeleniumTest.test_Title_ValidationIteration__5_:_exp:_gogle_act:_Google"></a><a href="#core.SeleniumTest.test_Title_ValidationIteration__5_:_exp:_gogle_act:_Google">test_Title_Validation[Iteration # 5 : exp: gogle; act: Google]</a>
<div class="detailToggle" style="display:inline"><a href="javascript:toggleDisplay(&apos;core.SeleniumTest.test_Title_ValidationIteration__5_:_exp:_gogle_act:_Google&apos;);"><span style="display:inline;" id="core.SeleniumTest.test_Title_ValidationIteration__5_:_exp:_gogle_act:_Googleoff"> + </span><span style="display:none;" id="core.SeleniumTest.test_Title_ValidationIteration__5_:_exp:_gogle_act:_Googleon"> - </span>[ Detail ]</a></div></td>
<td>0.015</td></tr>
<tr class="a">
<td></td>
<td>FAILED expected:&lt;[g]ogle&gt; but was:&lt;[Go]ogle&gt;</td>
<td></td></tr>
<tr class="b">
<td></td>
<td>
<div id="core.SeleniumTest.test_Title_ValidationIteration__5_:_exp:_gogle_act:_Googleerror" style="display:none;">
<div>
<pre>org.junit.ComparisonFailure: FAILED expected:&lt;[g]ogle&gt; but was:&lt;[Go]ogle&gt;
	at org.junit.Assert.assertEquals(Assert.java:115)
	at core.SeleniumTest.test_Title_Validation(SeleniumTest.java:51)
	at sun.reflect.NativeMethodAccessorImpl.invoke0(Native Method)
	at sun.reflect.NativeMethodAccessorImpl.invoke(NativeMethodAccessorImpl.java:57)
	at sun.reflect.DelegatingMethodAccessorImpl.invoke(DelegatingMethodAccessorImpl.java:43)
	at java.lang.reflect.Method.invoke(Method.java:606)
	at org.junit.runners.model.FrameworkMethod$1.runReflectiveCall(FrameworkMethod.java:50)
	at org.junit.internal.runners.model.ReflectiveCallable.run(ReflectiveCallable.java:12)
	at org.junit.runners.model.FrameworkMethod.invokeExplosively(FrameworkMethod.java:47)
	at org.junit.internal.runners.statements.InvokeMethod.evaluate(InvokeMethod.java:17)
	at org.junit.runners.ParentRunner.runLeaf(ParentRunner.java:325)
	at org.junit.runners.BlockJUnit4ClassRunner.runChild(BlockJUnit4ClassRunner.java:78)
	at org.junit.runners.BlockJUnit4ClassRunner.runChild(BlockJUnit4ClassRunner.java:57)
	at org.junit.runners.ParentRunner$3.run(ParentRunner.java:290)
	at org.junit.runners.ParentRunner$1.schedule(ParentRunner.java:71)
	at org.junit.runners.ParentRunner.runChildren(ParentRunner.java:288)
	at org.junit.runners.ParentRunner.access$000(ParentRunner.java:58)
	at org.junit.runners.ParentRunner$2.evaluate(ParentRunner.java:268)
	at org.junit.runners.ParentRunner.run(ParentRunner.java:363)
	at org.junit.runners.Suite.runChild(Suite.java:128)
	at org.junit.runners.Suite.runChild(Suite.java:27)
	at org.junit.runners.ParentRunner$3.run(ParentRunner.java:290)
	at org.junit.runners.ParentRunner$1.schedule(ParentRunner.java:71)
	at org.junit.runners.ParentRunner.runChildren(ParentRunner.java:288)
	at org.junit.runners.ParentRunner.access$000(ParentRunner.java:58)
	at org.junit.runners.ParentRunner$2.evaluate(ParentRunner.java:268)
	at org.junit.internal.runners.statements.RunBefores.evaluate(RunBefores.java:26)
	at org.junit.runners.ParentRunner.run(ParentRunner.java:363)
	at org.junit.runners.Suite.runChild(Suite.java:128)
	at org.junit.runners.Suite.runChild(Suite.java:27)
	at org.junit.runners.ParentRunner$3.run(ParentRunner.java:290)
	at org.junit.runners.ParentRunner$1.schedule(ParentRunner.java:71)
	at org.junit.runners.ParentRunner.runChildren(ParentRunner.java:288)
	at org.junit.runners.ParentRunner.access$000(ParentRunner.java:58)
	at org.junit.runners.ParentRunner$2.evaluate(ParentRunner.java:268)
	at org.junit.runners.ParentRunner.run(ParentRunner.java:363)
	at org.apache.maven.surefire.junit4.JUnit4Provider.execute(JUnit4Provider.java:252)
	at org.apache.maven.surefire.junit4.JUnit4Provider.executeTestSet(JUnit4Provider.java:141)
	at org.apache.maven.surefire.junit4.JUnit4Provider.invoke(JUnit4Provider.java:112)
	at sun.reflect.NativeMethodAccessorImpl.invoke0(Native Method)
	at sun.reflect.NativeMethodAccessorImpl.invoke(NativeMethodAccessorImpl.java:57)
	at sun.reflect.DelegatingMethodAccessorImpl.invoke(DelegatingMethodAccessorImpl.java:43)
	at java.lang.reflect.Method.invoke(Method.java:606)
	at org.apache.maven.surefire.util.ReflectionUtils.invokeMethodWithArray(ReflectionUtils.java:189)
	at org.apache.maven.surefire.booter.ProviderFactory$ProviderProxy.invoke(ProviderFactory.java:165)
	at org.apache.maven.surefire.booter.ProviderFactory.invokeProvider(ProviderFactory.java:85)
	at org.apache.maven.surefire.booter.ForkedBooter.runSuitesInProcess(ForkedBooter.java:115)
	at org.apache.maven.surefire.booter.ForkedBooter.main(ForkedBooter.java:75)</pre></div></div></td>
<td></td></tr>
<tr class="a">
<td><img src="images/icon_success_sml.gif" alt="" /></td>
<td><a name="TC_core.SeleniumTest.test_Title_ValidationIteration__6_:_exp:_Google_Maps_act:_Google_Maps"></a>test_Title_Validation[Iteration # 6 : exp: Google Maps; act: Google Maps]</td>
<td>0</td></tr>
<tr class="b">
<td><a href="#core.SeleniumTest.test_Title_ValidationIteration__7_:_exp:_Google_Mops_act:_Google_Maps"><img src="images/icon_error_sml.gif" alt="" /></a></td>
<td><a name="TC_core.SeleniumTest.test_Title_ValidationIteration__7_:_exp:_Google_Mops_act:_Google_Maps"></a><a href="#core.SeleniumTest.test_Title_ValidationIteration__7_:_exp:_Google_Mops_act:_Google_Maps">test_Title_Validation[Iteration # 7 : exp: Google Mops; act: Google Maps]</a>
<div class="detailToggle" style="display:inline"><a href="javascript:toggleDisplay(&apos;core.SeleniumTest.test_Title_ValidationIteration__7_:_exp:_Google_Mops_act:_Google_Maps&apos;);"><span style="display:inline;" id="core.SeleniumTest.test_Title_ValidationIteration__7_:_exp:_Google_Mops_act:_Google_Mapsoff"> + </span><span style="display:none;" id="core.SeleniumTest.test_Title_ValidationIteration__7_:_exp:_Google_Mops_act:_Google_Mapson"> - </span>[ Detail ]</a></div></td>
<td>0</td></tr>
<tr class="a">
<td></td>
<td>FAILED expected:&lt;Google M[o]ps&gt; but was:&lt;Google M[a]ps&gt;</td>
<td></td></tr>
<tr class="b">
<td></td>
<td>
<div id="core.SeleniumTest.test_Title_ValidationIteration__7_:_exp:_Google_Mops_act:_Google_Mapserror" style="display:none;">
<div>
<pre>org.junit.ComparisonFailure: FAILED expected:&lt;Google M[o]ps&gt; but was:&lt;Google M[a]ps&gt;
	at org.junit.Assert.assertEquals(Assert.java:115)
	at core.SeleniumTest.test_Title_Validation(SeleniumTest.java:51)
	at sun.reflect.NativeMethodAccessorImpl.invoke0(Native Method)
	at sun.reflect.NativeMethodAccessorImpl.invoke(NativeMethodAccessorImpl.java:57)
	at sun.reflect.DelegatingMethodAccessorImpl.invoke(DelegatingMethodAccessorImpl.java:43)
	at java.lang.reflect.Method.invoke(Method.java:606)
	at org.junit.runners.model.FrameworkMethod$1.runReflectiveCall(FrameworkMethod.java:50)
	at org.junit.internal.runners.model.ReflectiveCallable.run(ReflectiveCallable.java:12)
	at org.junit.runners.model.FrameworkMethod.invokeExplosively(FrameworkMethod.java:47)
	at org.junit.internal.runners.statements.InvokeMethod.evaluate(InvokeMethod.java:17)
	at org.junit.runners.ParentRunner.runLeaf(ParentRunner.java:325)
	at org.junit.runners.BlockJUnit4ClassRunner.runChild(BlockJUnit4ClassRunner.java:78)
	at org.junit.runners.BlockJUnit4ClassRunner.runChild(BlockJUnit4ClassRunner.java:57)
	at org.junit.runners.ParentRunner$3.run(ParentRunner.java:290)
	at org.junit.runners.ParentRunner$1.schedule(ParentRunner.java:71)
	at org.junit.runners.ParentRunner.runChildren(ParentRunner.java:288)
	at org.junit.runners.ParentRunner.access$000(ParentRunner.java:58)
	at org.junit.runners.ParentRunner$2.evaluate(ParentRunner.java:268)
	at org.junit.runners.ParentRunner.run(ParentRunner.java:363)
	at org.junit.runners.Suite.runChild(Suite.java:128)
	at org.junit.runners.Suite.runChild(Suite.java:27)
	at org.junit.runners.ParentRunner$3.run(ParentRunner.java:290)
	at org.junit.runners.ParentRunner$1.schedule(ParentRunner.java:71)
	at org.junit.runners.ParentRunner.runChildren(ParentRunner.java:288)
	at org.junit.runners.ParentRunner.access$000(ParentRunner.java:58)
	at org.junit.runners.ParentRunner$2.evaluate(ParentRunner.java:268)
	at org.junit.internal.runners.statements.RunBefores.evaluate(RunBefores.java:26)
	at org.junit.runners.ParentRunner.run(ParentRunner.java:363)
	at org.junit.runners.Suite.runChild(Suite.java:128)
	at org.junit.runners.Suite.runChild(Suite.java:27)
	at org.junit.runners.ParentRunner$3.run(ParentRunner.java:290)
	at org.junit.runners.ParentRunner$1.schedule(ParentRunner.java:71)
	at org.junit.runners.ParentRunner.runChildren(ParentRunner.java:288)
	at org.junit.runners.ParentRunner.access$000(ParentRunner.java:58)
	at org.junit.runners.ParentRunner$2.evaluate(ParentRunner.java:268)
	at org.junit.runners.ParentRunner.run(ParentRunner.java:363)
	at org.apache.maven.surefire.junit4.JUnit4Provider.execute(JUnit4Provider.java:252)
	at org.apache.maven.surefire.junit4.JUnit4Provider.executeTestSet(JUnit4Provider.java:141)
	at org.apache.maven.surefire.junit4.JUnit4Provider.invoke(JUnit4Provider.java:112)
	at sun.reflect.NativeMethodAccessorImpl.invoke0(Native Method)
	at sun.reflect.NativeMethodAccessorImpl.invoke(NativeMethodAccessorImpl.java:57)
	at sun.reflect.DelegatingMethodAccessorImpl.invoke(DelegatingMethodAccessorImpl.java:43)
	at java.lang.reflect.Method.invoke(Method.java:606)
	at org.apache.maven.surefire.util.ReflectionUtils.invokeMethodWithArray(ReflectionUtils.java:189)
	at org.apache.maven.surefire.booter.ProviderFactory$ProviderProxy.invoke(ProviderFactory.java:165)
	at org.apache.maven.surefire.booter.ProviderFactory.invokeProvider(ProviderFactory.java:85)
	at org.apache.maven.surefire.booter.ForkedBooter.runSuitesInProcess(ForkedBooter.java:115)
	at org.apache.maven.surefire.booter.ForkedBooter.main(ForkedBooter.java:75)</pre></div></div></td>
<td></td></tr>
<tr class="a">
<td><img src="images/icon_success_sml.gif" alt="" /></td>
<td><a name="TC_core.SeleniumTest.test_Title_ValidationIteration__8_:_exp:_Google_Play_act:_Google_Play"></a>test_Title_Validation[Iteration # 8 : exp: Google Play; act: Google Play]</td>
<td>0</td></tr>
<tr class="b">
<td><a href="#core.SeleniumTest.test_Title_ValidationIteration__9_:_exp:_Google_act:_Google_Play"><img src="images/icon_error_sml.gif" alt="" /></a></td>
<td><a name="TC_core.SeleniumTest.test_Title_ValidationIteration__9_:_exp:_Google_act:_Google_Play"></a><a href="#core.SeleniumTest.test_Title_ValidationIteration__9_:_exp:_Google_act:_Google_Play">test_Title_Validation[Iteration # 9 : exp: Google; act: Google Play]</a>
<div class="detailToggle" style="display:inline"><a href="javascript:toggleDisplay(&apos;core.SeleniumTest.test_Title_ValidationIteration__9_:_exp:_Google_act:_Google_Play&apos;);"><span style="display:inline;" id="core.SeleniumTest.test_Title_ValidationIteration__9_:_exp:_Google_act:_Google_Playoff"> + </span><span style="display:none;" id="core.SeleniumTest.test_Title_ValidationIteration__9_:_exp:_Google_act:_Google_Playon"> - </span>[ Detail ]</a></div></td>
<td>0</td></tr>
<tr class="a">
<td></td>
<td>FAILED expected:&lt;Google[]&gt; but was:&lt;Google[ Play]&gt;</td>
<td></td></tr>
<tr class="b">
<td></td>
<td>
<div id="core.SeleniumTest.test_Title_ValidationIteration__9_:_exp:_Google_act:_Google_Playerror" style="display:none;">
<div>
<pre>org.junit.ComparisonFailure: FAILED expected:&lt;Google[]&gt; but was:&lt;Google[ Play]&gt;
	at org.junit.Assert.assertEquals(Assert.java:115)
	at core.SeleniumTest.test_Title_Validation(SeleniumTest.java:51)
	at sun.reflect.NativeMethodAccessorImpl.invoke0(Native Method)
	at sun.reflect.NativeMethodAccessorImpl.invoke(NativeMethodAccessorImpl.java:57)
	at sun.reflect.DelegatingMethodAccessorImpl.invoke(DelegatingMethodAccessorImpl.java:43)
	at java.lang.reflect.Method.invoke(Method.java:606)
	at org.junit.runners.model.FrameworkMethod$1.runReflectiveCall(FrameworkMethod.java:50)
	at org.junit.internal.runners.model.ReflectiveCallable.run(ReflectiveCallable.java:12)
	at org.junit.runners.model.FrameworkMethod.invokeExplosively(FrameworkMethod.java:47)
	at org.junit.internal.runners.statements.InvokeMethod.evaluate(InvokeMethod.java:17)
	at org.junit.runners.ParentRunner.runLeaf(ParentRunner.java:325)
	at org.junit.runners.BlockJUnit4ClassRunner.runChild(BlockJUnit4ClassRunner.java:78)
	at org.junit.runners.BlockJUnit4ClassRunner.runChild(BlockJUnit4ClassRunner.java:57)
	at org.junit.runners.ParentRunner$3.run(ParentRunner.java:290)
	at org.junit.runners.ParentRunner$1.schedule(ParentRunner.java:71)
	at org.junit.runners.ParentRunner.runChildren(ParentRunner.java:288)
	at org.junit.runners.ParentRunner.access$000(ParentRunner.java:58)
	at org.junit.runners.ParentRunner$2.evaluate(ParentRunner.java:268)
	at org.junit.runners.ParentRunner.run(ParentRunner.java:363)
	at org.junit.runners.Suite.runChild(Suite.java:128)
	at org.junit.runners.Suite.runChild(Suite.java:27)
	at org.junit.runners.ParentRunner$3.run(ParentRunner.java:290)
	at org.junit.runners.ParentRunner$1.schedule(ParentRunner.java:71)
	at org.junit.runners.ParentRunner.runChildren(ParentRunner.java:288)
	at org.junit.runners.ParentRunner.access$000(ParentRunner.java:58)
	at org.junit.runners.ParentRunner$2.evaluate(ParentRunner.java:268)
	at org.junit.internal.runners.statements.RunBefores.evaluate(RunBefores.java:26)
	at org.junit.runners.ParentRunner.run(ParentRunner.java:363)
	at org.junit.runners.Suite.runChild(Suite.java:128)
	at org.junit.runners.Suite.runChild(Suite.java:27)
	at org.junit.runners.ParentRunner$3.run(ParentRunner.java:290)
	at org.junit.runners.ParentRunner$1.schedule(ParentRunner.java:71)
	at org.junit.runners.ParentRunner.runChildren(ParentRunner.java:288)
	at org.junit.runners.ParentRunner.access$000(ParentRunner.java:58)
	at org.junit.runners.ParentRunner$2.evaluate(ParentRunner.java:268)
	at org.junit.runners.ParentRunner.run(ParentRunner.java:363)
	at org.apache.maven.surefire.junit4.JUnit4Provider.execute(JUnit4Provider.java:252)
	at org.apache.maven.surefire.junit4.JUnit4Provider.executeTestSet(JUnit4Provider.java:141)
	at org.apache.maven.surefire.junit4.JUnit4Provider.invoke(JUnit4Provider.java:112)
	at sun.reflect.NativeMethodAccessorImpl.invoke0(Native Method)
	at sun.reflect.NativeMethodAccessorImpl.invoke(NativeMethodAccessorImpl.java:57)
	at sun.reflect.DelegatingMethodAccessorImpl.invoke(DelegatingMethodAccessorImpl.java:43)
	at java.lang.reflect.Method.invoke(Method.java:606)
	at org.apache.maven.surefire.util.ReflectionUtils.invokeMethodWithArray(ReflectionUtils.java:189)
	at org.apache.maven.surefire.booter.ProviderFactory$ProviderProxy.invoke(ProviderFactory.java:165)
	at org.apache.maven.surefire.booter.ProviderFactory.invokeProvider(ProviderFactory.java:85)
	at org.apache.maven.surefire.booter.ForkedBooter.runSuitesInProcess(ForkedBooter.java:115)
	at org.apache.maven.surefire.booter.ForkedBooter.main(ForkedBooter.java:75)</pre></div></div></td>
<td></td></tr>
<tr class="a">
<td><img src="images/icon_success_sml.gif" alt="" /></td>
<td><a name="TC_core.SeleniumTest.test_Title_ValidationIteration__10_:_exp:_Yahoo_act:_Yahoo"></a>test_Title_Validation[Iteration # 10 : exp: Yahoo; act: Yahoo]</td>
<td>0</td></tr>
<tr class="b">
<td><a href="#core.SeleniumTest.test_Title_ValidationIteration__11_:_exp:_ahoo_act:_Yahoo"><img src="images/icon_error_sml.gif" alt="" /></a></td>
<td><a name="TC_core.SeleniumTest.test_Title_ValidationIteration__11_:_exp:_ahoo_act:_Yahoo"></a><a href="#core.SeleniumTest.test_Title_ValidationIteration__11_:_exp:_ahoo_act:_Yahoo">test_Title_Validation[Iteration # 11 : exp: ahoo; act: Yahoo]</a>
<div class="detailToggle" style="display:inline"><a href="javascript:toggleDisplay(&apos;core.SeleniumTest.test_Title_ValidationIteration__11_:_exp:_ahoo_act:_Yahoo&apos;);"><span style="display:inline;" id="core.SeleniumTest.test_Title_ValidationIteration__11_:_exp:_ahoo_act:_Yahoooff"> + </span><span style="display:none;" id="core.SeleniumTest.test_Title_ValidationIteration__11_:_exp:_ahoo_act:_Yahooon"> - </span>[ Detail ]</a></div></td>
<td>0</td></tr>
<tr class="a">
<td></td>
<td>FAILED expected:&lt;[]ahoo&gt; but was:&lt;[Y]ahoo&gt;</td>
<td></td></tr>
<tr class="b">
<td></td>
<td>
<div id="core.SeleniumTest.test_Title_ValidationIteration__11_:_exp:_ahoo_act:_Yahooerror" style="display:none;">
<div>
<pre>org.junit.ComparisonFailure: FAILED expected:&lt;[]ahoo&gt; but was:&lt;[Y]ahoo&gt;
	at org.junit.Assert.assertEquals(Assert.java:115)
	at core.SeleniumTest.test_Title_Validation(SeleniumTest.java:51)
	at sun.reflect.NativeMethodAccessorImpl.invoke0(Native Method)
	at sun.reflect.NativeMethodAccessorImpl.invoke(NativeMethodAccessorImpl.java:57)
	at sun.reflect.DelegatingMethodAccessorImpl.invoke(DelegatingMethodAccessorImpl.java:43)
	at java.lang.reflect.Method.invoke(Method.java:606)
	at org.junit.runners.model.FrameworkMethod$1.runReflectiveCall(FrameworkMethod.java:50)
	at org.junit.internal.runners.model.ReflectiveCallable.run(ReflectiveCallable.java:12)
	at org.junit.runners.model.FrameworkMethod.invokeExplosively(FrameworkMethod.java:47)
	at org.junit.internal.runners.statements.InvokeMethod.evaluate(InvokeMethod.java:17)
	at org.junit.runners.ParentRunner.runLeaf(ParentRunner.java:325)
	at org.junit.runners.BlockJUnit4ClassRunner.runChild(BlockJUnit4ClassRunner.java:78)
	at org.junit.runners.BlockJUnit4ClassRunner.runChild(BlockJUnit4ClassRunner.java:57)
	at org.junit.runners.ParentRunner$3.run(ParentRunner.java:290)
	at org.junit.runners.ParentRunner$1.schedule(ParentRunner.java:71)
	at org.junit.runners.ParentRunner.runChildren(ParentRunner.java:288)
	at org.junit.runners.ParentRunner.access$000(ParentRunner.java:58)
	at org.junit.runners.ParentRunner$2.evaluate(ParentRunner.java:268)
	at org.junit.runners.ParentRunner.run(ParentRunner.java:363)
	at org.junit.runners.Suite.runChild(Suite.java:128)
	at org.junit.runners.Suite.runChild(Suite.java:27)
	at org.junit.runners.ParentRunner$3.run(ParentRunner.java:290)
	at org.junit.runners.ParentRunner$1.schedule(ParentRunner.java:71)
	at org.junit.runners.ParentRunner.runChildren(ParentRunner.java:288)
	at org.junit.runners.ParentRunner.access$000(ParentRunner.java:58)
	at org.junit.runners.ParentRunner$2.evaluate(ParentRunner.java:268)
	at org.junit.internal.runners.statements.RunBefores.evaluate(RunBefores.java:26)
	at org.junit.runners.ParentRunner.run(ParentRunner.java:363)
	at org.junit.runners.Suite.runChild(Suite.java:128)
	at org.junit.runners.Suite.runChild(Suite.java:27)
	at org.junit.runners.ParentRunner$3.run(ParentRunner.java:290)
	at org.junit.runners.ParentRunner$1.schedule(ParentRunner.java:71)
	at org.junit.runners.ParentRunner.runChildren(ParentRunner.java:288)
	at org.junit.runners.ParentRunner.access$000(ParentRunner.java:58)
	at org.junit.runners.ParentRunner$2.evaluate(ParentRunner.java:268)
	at org.junit.runners.ParentRunner.run(ParentRunner.java:363)
	at org.apache.maven.surefire.junit4.JUnit4Provider.execute(JUnit4Provider.java:252)
	at org.apache.maven.surefire.junit4.JUnit4Provider.executeTestSet(JUnit4Provider.java:141)
	at org.apache.maven.surefire.junit4.JUnit4Provider.invoke(JUnit4Provider.java:112)
	at sun.reflect.NativeMethodAccessorImpl.invoke0(Native Method)
	at sun.reflect.NativeMethodAccessorImpl.invoke(NativeMethodAccessorImpl.java:57)
	at sun.reflect.DelegatingMethodAccessorImpl.invoke(DelegatingMethodAccessorImpl.java:43)
	at java.lang.reflect.Method.invoke(Method.java:606)
	at org.apache.maven.surefire.util.ReflectionUtils.invokeMethodWithArray(ReflectionUtils.java:189)
	at org.apache.maven.surefire.booter.ProviderFactory$ProviderProxy.invoke(ProviderFactory.java:165)
	at org.apache.maven.surefire.booter.ProviderFactory.invokeProvider(ProviderFactory.java:85)
	at org.apache.maven.surefire.booter.ForkedBooter.runSuitesInProcess(ForkedBooter.java:115)
	at org.apache.maven.surefire.booter.ForkedBooter.main(ForkedBooter.java:75)</pre></div></div></td>
<td></td></tr>
<tr class="a">
<td><a href="#core.SeleniumTest.test_Title_ValidationIteration__12_:_exp:_YouTube_act:_Your_browser_is_deprecated._Please_upgrade._-_YouTube"><img src="images/icon_error_sml.gif" alt="" /></a></td>
<td><a name="TC_core.SeleniumTest.test_Title_ValidationIteration__12_:_exp:_YouTube_act:_Your_browser_is_deprecated._Please_upgrade._-_YouTube"></a><a href="#core.SeleniumTest.test_Title_ValidationIteration__12_:_exp:_YouTube_act:_Your_browser_is_deprecated._Please_upgrade._-_YouTube">test_Title_Validation[Iteration # 12 : exp: YouTube; act: Your browser is deprecated. Please upgrade. - YouTube]</a>
<div class="detailToggle" style="display:inline"><a href="javascript:toggleDisplay(&apos;core.SeleniumTest.test_Title_ValidationIteration__12_:_exp:_YouTube_act:_Your_browser_is_deprecated._Please_upgrade._-_YouTube&apos;);"><span style="display:inline;" id="core.SeleniumTest.test_Title_ValidationIteration__12_:_exp:_YouTube_act:_Your_browser_is_deprecated._Please_upgrade._-_YouTubeoff"> + </span><span style="display:none;" id="core.SeleniumTest.test_Title_ValidationIteration__12_:_exp:_YouTube_act:_Your_browser_is_deprecated._Please_upgrade._-_YouTubeon"> - </span>[ Detail ]</a></div></td>
<td>0</td></tr>
<tr class="b">
<td></td>
<td>FAILED expected:&lt;You[]Tube&gt; but was:&lt;You[r browser is deprecated. Please upgrade. - You]Tube&gt;</td>
<td></td></tr>
<tr class="a">
<td></td>
<td>
<div id="core.SeleniumTest.test_Title_ValidationIteration__12_:_exp:_YouTube_act:_Your_browser_is_deprecated._Please_upgrade._-_YouTubeerror" style="display:none;">
<div>
<pre>org.junit.ComparisonFailure: FAILED expected:&lt;You[]Tube&gt; but was:&lt;You[r browser is deprecated. Please upgrade. - You]Tube&gt;
	at org.junit.Assert.assertEquals(Assert.java:115)
	at core.SeleniumTest.test_Title_Validation(SeleniumTest.java:51)
	at sun.reflect.NativeMethodAccessorImpl.invoke0(Native Method)
	at sun.reflect.NativeMethodAccessorImpl.invoke(NativeMethodAccessorImpl.java:57)
	at sun.reflect.DelegatingMethodAccessorImpl.invoke(DelegatingMethodAccessorImpl.java:43)
	at java.lang.reflect.Method.invoke(Method.java:606)
	at org.junit.runners.model.FrameworkMethod$1.runReflectiveCall(FrameworkMethod.java:50)
	at org.junit.internal.runners.model.ReflectiveCallable.run(ReflectiveCallable.java:12)
	at org.junit.runners.model.FrameworkMethod.invokeExplosively(FrameworkMethod.java:47)
	at org.junit.internal.runners.statements.InvokeMethod.evaluate(InvokeMethod.java:17)
	at org.junit.runners.ParentRunner.runLeaf(ParentRunner.java:325)
	at org.junit.runners.BlockJUnit4ClassRunner.runChild(BlockJUnit4ClassRunner.java:78)
	at org.junit.runners.BlockJUnit4ClassRunner.runChild(BlockJUnit4ClassRunner.java:57)
	at org.junit.runners.ParentRunner$3.run(ParentRunner.java:290)
	at org.junit.runners.ParentRunner$1.schedule(ParentRunner.java:71)
	at org.junit.runners.ParentRunner.runChildren(ParentRunner.java:288)
	at org.junit.runners.ParentRunner.access$000(ParentRunner.java:58)
	at org.junit.runners.ParentRunner$2.evaluate(ParentRunner.java:268)
	at org.junit.runners.ParentRunner.run(ParentRunner.java:363)
	at org.junit.runners.Suite.runChild(Suite.java:128)
	at org.junit.runners.Suite.runChild(Suite.java:27)
	at org.junit.runners.ParentRunner$3.run(ParentRunner.java:290)
	at org.junit.runners.ParentRunner$1.schedule(ParentRunner.java:71)
	at org.junit.runners.ParentRunner.runChildren(ParentRunner.java:288)
	at org.junit.runners.ParentRunner.access$000(ParentRunner.java:58)
	at org.junit.runners.ParentRunner$2.evaluate(ParentRunner.java:268)
	at org.junit.internal.runners.statements.RunBefores.evaluate(RunBefores.java:26)
	at org.junit.runners.ParentRunner.run(ParentRunner.java:363)
	at org.junit.runners.Suite.runChild(Suite.java:128)
	at org.junit.runners.Suite.runChild(Suite.java:27)
	at org.junit.runners.ParentRunner$3.run(ParentRunner.java:290)
	at org.junit.runners.ParentRunner$1.schedule(ParentRunner.java:71)
	at org.junit.runners.ParentRunner.runChildren(ParentRunner.java:288)
	at org.junit.runners.ParentRunner.access$000(ParentRunner.java:58)
	at org.junit.runners.ParentRunner$2.evaluate(ParentRunner.java:268)
	at org.junit.runners.ParentRunner.run(ParentRunner.java:363)
	at org.apache.maven.surefire.junit4.JUnit4Provider.execute(JUnit4Provider.java:252)
	at org.apache.maven.surefire.junit4.JUnit4Provider.executeTestSet(JUnit4Provider.java:141)
	at org.apache.maven.surefire.junit4.JUnit4Provider.invoke(JUnit4Provider.java:112)
	at sun.reflect.NativeMethodAccessorImpl.invoke0(Native Method)
	at sun.reflect.NativeMethodAccessorImpl.invoke(NativeMethodAccessorImpl.java:57)
	at sun.reflect.DelegatingMethodAccessorImpl.invoke(DelegatingMethodAccessorImpl.java:43)
	at java.lang.reflect.Method.invoke(Method.java:606)
	at org.apache.maven.surefire.util.ReflectionUtils.invokeMethodWithArray(ReflectionUtils.java:189)
	at org.apache.maven.surefire.booter.ProviderFactory$ProviderProxy.invoke(ProviderFactory.java:165)
	at org.apache.maven.surefire.booter.ProviderFactory.invokeProvider(ProviderFactory.java:85)
	at org.apache.maven.surefire.booter.ForkedBooter.runSuitesInProcess(ForkedBooter.java:115)
	at org.apache.maven.surefire.booter.ForkedBooter.main(ForkedBooter.java:75)</pre></div></div></td>
<td></td></tr>
<tr class="b">
<td><a href="#core.SeleniumTest.test_Title_ValidationIteration__13_:_exp:_You_act:_YouTube"><img src="images/icon_error_sml.gif" alt="" /></a></td>
<td><a name="TC_core.SeleniumTest.test_Title_ValidationIteration__13_:_exp:_You_act:_YouTube"></a><a href="#core.SeleniumTest.test_Title_ValidationIteration__13_:_exp:_You_act:_YouTube">test_Title_Validation[Iteration # 13 : exp: You; act: YouTube]</a>
<div class="detailToggle" style="display:inline"><a href="javascript:toggleDisplay(&apos;core.SeleniumTest.test_Title_ValidationIteration__13_:_exp:_You_act:_YouTube&apos;);"><span style="display:inline;" id="core.SeleniumTest.test_Title_ValidationIteration__13_:_exp:_You_act:_YouTubeoff"> + </span><span style="display:none;" id="core.SeleniumTest.test_Title_ValidationIteration__13_:_exp:_You_act:_YouTubeon"> - </span>[ Detail ]</a></div></td>
<td>0</td></tr>
<tr class="a">
<td></td>
<td>FAILED expected:&lt;You[]&gt; but was:&lt;You[Tube]&gt;</td>
<td></td></tr>
<tr class="b">
<td></td>
<td>
<div id="core.SeleniumTest.test_Title_ValidationIteration__13_:_exp:_You_act:_YouTubeerror" style="display:none;">
<div>
<pre>org.junit.ComparisonFailure: FAILED expected:&lt;You[]&gt; but was:&lt;You[Tube]&gt;
	at org.junit.Assert.assertEquals(Assert.java:115)
	at core.SeleniumTest.test_Title_Validation(SeleniumTest.java:51)
	at sun.reflect.NativeMethodAccessorImpl.invoke0(Native Method)
	at sun.reflect.NativeMethodAccessorImpl.invoke(NativeMethodAccessorImpl.java:57)
	at sun.reflect.DelegatingMethodAccessorImpl.invoke(DelegatingMethodAccessorImpl.java:43)
	at java.lang.reflect.Method.invoke(Method.java:606)
	at org.junit.runners.model.FrameworkMethod$1.runReflectiveCall(FrameworkMethod.java:50)
	at org.junit.internal.runners.model.ReflectiveCallable.run(ReflectiveCallable.java:12)
	at org.junit.runners.model.FrameworkMethod.invokeExplosively(FrameworkMethod.java:47)
	at org.junit.internal.runners.statements.InvokeMethod.evaluate(InvokeMethod.java:17)
	at org.junit.runners.ParentRunner.runLeaf(ParentRunner.java:325)
	at org.junit.runners.BlockJUnit4ClassRunner.runChild(BlockJUnit4ClassRunner.java:78)
	at org.junit.runners.BlockJUnit4ClassRunner.runChild(BlockJUnit4ClassRunner.java:57)
	at org.junit.runners.ParentRunner$3.run(ParentRunner.java:290)
	at org.junit.runners.ParentRunner$1.schedule(ParentRunner.java:71)
	at org.junit.runners.ParentRunner.runChildren(ParentRunner.java:288)
	at org.junit.runners.ParentRunner.access$000(ParentRunner.java:58)
	at org.junit.runners.ParentRunner$2.evaluate(ParentRunner.java:268)
	at org.junit.runners.ParentRunner.run(ParentRunner.java:363)
	at org.junit.runners.Suite.runChild(Suite.java:128)
	at org.junit.runners.Suite.runChild(Suite.java:27)
	at org.junit.runners.ParentRunner$3.run(ParentRunner.java:290)
	at org.junit.runners.ParentRunner$1.schedule(ParentRunner.java:71)
	at org.junit.runners.ParentRunner.runChildren(ParentRunner.java:288)
	at org.junit.runners.ParentRunner.access$000(ParentRunner.java:58)
	at org.junit.runners.ParentRunner$2.evaluate(ParentRunner.java:268)
	at org.junit.internal.runners.statements.RunBefores.evaluate(RunBefores.java:26)
	at org.junit.runners.ParentRunner.run(ParentRunner.java:363)
	at org.junit.runners.Suite.runChild(Suite.java:128)
	at org.junit.runners.Suite.runChild(Suite.java:27)
	at org.junit.runners.ParentRunner$3.run(ParentRunner.java:290)
	at org.junit.runners.ParentRunner$1.schedule(ParentRunner.java:71)
	at org.junit.runners.ParentRunner.runChildren(ParentRunner.java:288)
	at org.junit.runners.ParentRunner.access$000(ParentRunner.java:58)
	at org.junit.runners.ParentRunner$2.evaluate(ParentRunner.java:268)
	at org.junit.runners.ParentRunner.run(ParentRunner.java:363)
	at org.apache.maven.surefire.junit4.JUnit4Provider.execute(JUnit4Provider.java:252)
	at org.apache.maven.surefire.junit4.JUnit4Provider.executeTestSet(JUnit4Provider.java:141)
	at org.apache.maven.surefire.junit4.JUnit4Provider.invoke(JUnit4Provider.java:112)
	at sun.reflect.NativeMethodAccessorImpl.invoke0(Native Method)
	at sun.reflect.NativeMethodAccessorImpl.invoke(NativeMethodAccessorImpl.java:57)
	at sun.reflect.DelegatingMethodAccessorImpl.invoke(DelegatingMethodAccessorImpl.java:43)
	at java.lang.reflect.Method.invoke(Method.java:606)
	at org.apache.maven.surefire.util.ReflectionUtils.invokeMethodWithArray(ReflectionUtils.java:189)
	at org.apache.maven.surefire.booter.ProviderFactory$ProviderProxy.invoke(ProviderFactory.java:165)
	at org.apache.maven.surefire.booter.ProviderFactory.invokeProvider(ProviderFactory.java:85)
	at org.apache.maven.surefire.booter.ForkedBooter.runSuitesInProcess(ForkedBooter.java:115)
	at org.apache.maven.surefire.booter.ForkedBooter.main(ForkedBooter.java:75)</pre></div></div></td>
<td></td></tr>
<tr class="a">
<td><a href="#core.SeleniumTest.test_Title_ValidationIteration__14_:_exp:_DROM:_Live_Music_Venue_in_NYC_act:_Google_News"><img src="images/icon_error_sml.gif" alt="" /></a></td>
<td><a name="TC_core.SeleniumTest.test_Title_ValidationIteration__14_:_exp:_DROM:_Live_Music_Venue_in_NYC_act:_Google_News"></a><a href="#core.SeleniumTest.test_Title_ValidationIteration__14_:_exp:_DROM:_Live_Music_Venue_in_NYC_act:_Google_News">test_Title_Validation[Iteration # 14 : exp: DROM: Live Music Venue in NYC; act: Google News]</a>
<div class="detailToggle" style="display:inline"><a href="javascript:toggleDisplay(&apos;core.SeleniumTest.test_Title_ValidationIteration__14_:_exp:_DROM:_Live_Music_Venue_in_NYC_act:_Google_News&apos;);"><span style="display:inline;" id="core.SeleniumTest.test_Title_ValidationIteration__14_:_exp:_DROM:_Live_Music_Venue_in_NYC_act:_Google_Newsoff"> + </span><span style="display:none;" id="core.SeleniumTest.test_Title_ValidationIteration__14_:_exp:_DROM:_Live_Music_Venue_in_NYC_act:_Google_Newson"> - </span>[ Detail ]</a></div></td>
<td>0</td></tr>
<tr class="b">
<td></td>
<td>FAILED expected:&lt;[DROM: Live Music Venue in NYC]&gt; but was:&lt;[Google News]&gt;</td>
<td></td></tr>
<tr class="a">
<td></td>
<td>
<div id="core.SeleniumTest.test_Title_ValidationIteration__14_:_exp:_DROM:_Live_Music_Venue_in_NYC_act:_Google_Newserror" style="display:none;">
<div>
<pre>org.junit.ComparisonFailure: FAILED expected:&lt;[DROM: Live Music Venue in NYC]&gt; but was:&lt;[Google News]&gt;
	at org.junit.Assert.assertEquals(Assert.java:115)
	at core.SeleniumTest.test_Title_Validation(SeleniumTest.java:51)
	at sun.reflect.NativeMethodAccessorImpl.invoke0(Native Method)
	at sun.reflect.NativeMethodAccessorImpl.invoke(NativeMethodAccessorImpl.java:57)
	at sun.reflect.DelegatingMethodAccessorImpl.invoke(DelegatingMethodAccessorImpl.java:43)
	at java.lang.reflect.Method.invoke(Method.java:606)
	at org.junit.runners.model.FrameworkMethod$1.runReflectiveCall(FrameworkMethod.java:50)
	at org.junit.internal.runners.model.ReflectiveCallable.run(ReflectiveCallable.java:12)
	at org.junit.runners.model.FrameworkMethod.invokeExplosively(FrameworkMethod.java:47)
	at org.junit.internal.runners.statements.InvokeMethod.evaluate(InvokeMethod.java:17)
	at org.junit.runners.ParentRunner.runLeaf(ParentRunner.java:325)
	at org.junit.runners.BlockJUnit4ClassRunner.runChild(BlockJUnit4ClassRunner.java:78)
	at org.junit.runners.BlockJUnit4ClassRunner.runChild(BlockJUnit4ClassRunner.java:57)
	at org.junit.runners.ParentRunner$3.run(ParentRunner.java:290)
	at org.junit.runners.ParentRunner$1.schedule(ParentRunner.java:71)
	at org.junit.runners.ParentRunner.runChildren(ParentRunner.java:288)
	at org.junit.runners.ParentRunner.access$000(ParentRunner.java:58)
	at org.junit.runners.ParentRunner$2.evaluate(ParentRunner.java:268)
	at org.junit.runners.ParentRunner.run(ParentRunner.java:363)
	at org.junit.runners.Suite.runChild(Suite.java:128)
	at org.junit.runners.Suite.runChild(Suite.java:27)
	at org.junit.runners.ParentRunner$3.run(ParentRunner.java:290)
	at org.junit.runners.ParentRunner$1.schedule(ParentRunner.java:71)
	at org.junit.runners.ParentRunner.runChildren(ParentRunner.java:288)
	at org.junit.runners.ParentRunner.access$000(ParentRunner.java:58)
	at org.junit.runners.ParentRunner$2.evaluate(ParentRunner.java:268)
	at org.junit.internal.runners.statements.RunBefores.evaluate(RunBefores.java:26)
	at org.junit.runners.ParentRunner.run(ParentRunner.java:363)
	at org.junit.runners.Suite.runChild(Suite.java:128)
	at org.junit.runners.Suite.runChild(Suite.java:27)
	at org.junit.runners.ParentRunner$3.run(ParentRunner.java:290)
	at org.junit.runners.ParentRunner$1.schedule(ParentRunner.java:71)
	at org.junit.runners.ParentRunner.runChildren(ParentRunner.java:288)
	at org.junit.runners.ParentRunner.access$000(ParentRunner.java:58)
	at org.junit.runners.ParentRunner$2.evaluate(ParentRunner.java:268)
	at org.junit.runners.ParentRunner.run(ParentRunner.java:363)
	at org.apache.maven.surefire.junit4.JUnit4Provider.execute(JUnit4Provider.java:252)
	at org.apache.maven.surefire.junit4.JUnit4Provider.executeTestSet(JUnit4Provider.java:141)
	at org.apache.maven.surefire.junit4.JUnit4Provider.invoke(JUnit4Provider.java:112)
	at sun.reflect.NativeMethodAccessorImpl.invoke0(Native Method)
	at sun.reflect.NativeMethodAccessorImpl.invoke(NativeMethodAccessorImpl.java:57)
	at sun.reflect.DelegatingMethodAccessorImpl.invoke(DelegatingMethodAccessorImpl.java:43)
	at java.lang.reflect.Method.invoke(Method.java:606)
	at org.apache.maven.surefire.util.ReflectionUtils.invokeMethodWithArray(ReflectionUtils.java:189)
	at org.apache.maven.surefire.booter.ProviderFactory$ProviderProxy.invoke(ProviderFactory.java:165)
	at org.apache.maven.surefire.booter.ProviderFactory.invokeProvider(ProviderFactory.java:85)
	at org.apache.maven.surefire.booter.ForkedBooter.runSuitesInProcess(ForkedBooter.java:115)
	at org.apache.maven.surefire.booter.ForkedBooter.main(ForkedBooter.java:75)</pre></div></div></td>
<td></td></tr>
<tr class="b">
<td><img src="images/icon_success_sml.gif" alt="" /></td>
<td><a name="TC_core.SeleniumTest.test_Title_ValidationIteration__15_:_exp:_Google_News_act:_Google_News"></a>test_Title_Validation[Iteration # 15 : exp: Google News; act: Google News]</td>
<td>0</td></tr>
<tr class="a">
<td><a href="#core.SeleniumTest.test_Title_ValidationIteration__16_:_exp:_Real_Madrid_CF__Official_Website__act:_Vacation_Rentals_Homes_Apartments__Rooms_for_Rent_-_Airbnb"><img src="images/icon_error_sml.gif" alt="" /></a></td>
<td><a name="TC_core.SeleniumTest.test_Title_ValidationIteration__16_:_exp:_Real_Madrid_CF__Official_Website__act:_Vacation_Rentals_Homes_Apartments__Rooms_for_Rent_-_Airbnb"></a><a href="#core.SeleniumTest.test_Title_ValidationIteration__16_:_exp:_Real_Madrid_CF__Official_Website__act:_Vacation_Rentals_Homes_Apartments__Rooms_for_Rent_-_Airbnb">test_Title_Validation[Iteration # 16 : exp: Real Madrid CF | Official Website ; act: Vacation Rentals, Homes, Apartments &amp; Rooms for Rent - Airbnb]</a>
<div class="detailToggle" style="display:inline"><a href="javascript:toggleDisplay(&apos;core.SeleniumTest.test_Title_ValidationIteration__16_:_exp:_Real_Madrid_CF__Official_Website__act:_Vacation_Rentals_Homes_Apartments__Rooms_for_Rent_-_Airbnb&apos;);"><span style="display:inline;" id="core.SeleniumTest.test_Title_ValidationIteration__16_:_exp:_Real_Madrid_CF__Official_Website__act:_Vacation_Rentals_Homes_Apartments__Rooms_for_Rent_-_Airbnboff"> + </span><span style="display:none;" id="core.SeleniumTest.test_Title_ValidationIteration__16_:_exp:_Real_Madrid_CF__Official_Website__act:_Vacation_Rentals_Homes_Apartments__Rooms_for_Rent_-_Airbnbon"> - </span>[ Detail ]</a></div></td>
<td>0.015</td></tr>
<tr class="b">
<td></td>
<td>FAILED expected:&lt;[Real Madrid CF | Official Website ]&gt; but was:&lt;[Vacation Rentals, Homes, Apartments &amp; Rooms for Rent - Airbnb]&gt;</td>
<td></td></tr>
<tr class="a">
<td></td>
<td>
<div id="core.SeleniumTest.test_Title_ValidationIteration__16_:_exp:_Real_Madrid_CF__Official_Website__act:_Vacation_Rentals_Homes_Apartments__Rooms_for_Rent_-_Airbnberror" style="display:none;">
<div>
<pre>org.junit.ComparisonFailure: FAILED expected:&lt;[Real Madrid CF | Official Website ]&gt; but was:&lt;[Vacation Rentals, Homes, Apartments &amp; Rooms for Rent - Airbnb]&gt;
	at org.junit.Assert.assertEquals(Assert.java:115)
	at core.SeleniumTest.test_Title_Validation(SeleniumTest.java:51)
	at sun.reflect.GeneratedMethodAccessor1.invoke(Unknown Source)
	at sun.reflect.DelegatingMethodAccessorImpl.invoke(DelegatingMethodAccessorImpl.java:43)
	at java.lang.reflect.Method.invoke(Method.java:606)
	at org.junit.runners.model.FrameworkMethod$1.runReflectiveCall(FrameworkMethod.java:50)
	at org.junit.internal.runners.model.ReflectiveCallable.run(ReflectiveCallable.java:12)
	at org.junit.runners.model.FrameworkMethod.invokeExplosively(FrameworkMethod.java:47)
	at org.junit.internal.runners.statements.InvokeMethod.evaluate(InvokeMethod.java:17)
	at org.junit.runners.ParentRunner.runLeaf(ParentRunner.java:325)
	at org.junit.runners.BlockJUnit4ClassRunner.runChild(BlockJUnit4ClassRunner.java:78)
	at org.junit.runners.BlockJUnit4ClassRunner.runChild(BlockJUnit4ClassRunner.java:57)
	at org.junit.runners.ParentRunner$3.run(ParentRunner.java:290)
	at org.junit.runners.ParentRunner$1.schedule(ParentRunner.java:71)
	at org.junit.runners.ParentRunner.runChildren(ParentRunner.java:288)
	at org.junit.runners.ParentRunner.access$000(ParentRunner.java:58)
	at org.junit.runners.ParentRunner$2.evaluate(ParentRunner.java:268)
	at org.junit.runners.ParentRunner.run(ParentRunner.java:363)
	at org.junit.runners.Suite.runChild(Suite.java:128)
	at org.junit.runners.Suite.runChild(Suite.java:27)
	at org.junit.runners.ParentRunner$3.run(ParentRunner.java:290)
	at org.junit.runners.ParentRunner$1.schedule(ParentRunner.java:71)
	at org.junit.runners.ParentRunner.runChildren(ParentRunner.java:288)
	at org.junit.runners.ParentRunner.access$000(ParentRunner.java:58)
	at org.junit.runners.ParentRunner$2.evaluate(ParentRunner.java:268)
	at org.junit.internal.runners.statements.RunBefores.evaluate(RunBefores.java:26)
	at org.junit.runners.ParentRunner.run(ParentRunner.java:363)
	at org.junit.runners.Suite.runChild(Suite.java:128)
	at org.junit.runners.Suite.runChild(Suite.java:27)
	at org.junit.runners.ParentRunner$3.run(ParentRunner.java:290)
	at org.junit.runners.ParentRunner$1.schedule(ParentRunner.java:71)
	at org.junit.runners.ParentRunner.runChildren(ParentRunner.java:288)
	at org.junit.runners.ParentRunner.access$000(ParentRunner.java:58)
	at org.junit.runners.ParentRunner$2.evaluate(ParentRunner.java:268)
	at org.junit.runners.ParentRunner.run(ParentRunner.java:363)
	at org.apache.maven.surefire.junit4.JUnit4Provider.execute(JUnit4Provider.java:252)
	at org.apache.maven.surefire.junit4.JUnit4Provider.executeTestSet(JUnit4Provider.java:141)
	at org.apache.maven.surefire.junit4.JUnit4Provider.invoke(JUnit4Provider.java:112)
	at sun.reflect.NativeMethodAccessorImpl.invoke0(Native Method)
	at sun.reflect.NativeMethodAccessorImpl.invoke(NativeMethodAccessorImpl.java:57)
	at sun.reflect.DelegatingMethodAccessorImpl.invoke(DelegatingMethodAccessorImpl.java:43)
	at java.lang.reflect.Method.invoke(Method.java:606)
	at org.apache.maven.surefire.util.ReflectionUtils.invokeMethodWithArray(ReflectionUtils.java:189)
	at org.apache.maven.surefire.booter.ProviderFactory$ProviderProxy.invoke(ProviderFactory.java:165)
	at org.apache.maven.surefire.booter.ProviderFactory.invokeProvider(ProviderFactory.java:85)
	at org.apache.maven.surefire.booter.ForkedBooter.runSuitesInProcess(ForkedBooter.java:115)
	at org.apache.maven.surefire.booter.ForkedBooter.main(ForkedBooter.java:75)</pre></div></div></td>
<td></td></tr>
<tr class="b">
<td><a href="#core.SeleniumTest.test_Title_ValidationIteration__17_:_exp:_Bank_of_America_act:_Bank_of_America__Banking_Credit_Cards_Mortgages_and_Auto_Loans"><img src="images/icon_error_sml.gif" alt="" /></a></td>
<td><a name="TC_core.SeleniumTest.test_Title_ValidationIteration__17_:_exp:_Bank_of_America_act:_Bank_of_America__Banking_Credit_Cards_Mortgages_and_Auto_Loans"></a><a href="#core.SeleniumTest.test_Title_ValidationIteration__17_:_exp:_Bank_of_America_act:_Bank_of_America__Banking_Credit_Cards_Mortgages_and_Auto_Loans">test_Title_Validation[Iteration # 17 : exp: Bank of America; act: Bank of America &#x2014; Banking, Credit Cards, Mortgages and Auto Loans]</a>
<div class="detailToggle" style="display:inline"><a href="javascript:toggleDisplay(&apos;core.SeleniumTest.test_Title_ValidationIteration__17_:_exp:_Bank_of_America_act:_Bank_of_America__Banking_Credit_Cards_Mortgages_and_Auto_Loans&apos;);"><span style="display:inline;" id="core.SeleniumTest.test_Title_ValidationIteration__17_:_exp:_Bank_of_America_act:_Bank_of_America__Banking_Credit_Cards_Mortgages_and_Auto_Loansoff"> + </span><span style="display:none;" id="core.SeleniumTest.test_Title_ValidationIteration__17_:_exp:_Bank_of_America_act:_Bank_of_America__Banking_Credit_Cards_Mortgages_and_Auto_Loanson"> - </span>[ Detail ]</a></div></td>
<td>0</td></tr>
<tr class="a">
<td></td>
<td>FAILED expected:&lt;Bank of America[]&gt; but was:&lt;Bank of America[ &#x2014; Banking, Credit Cards, Mortgages and Auto Loans]&gt;</td>
<td></td></tr>
<tr class="b">
<td></td>
<td>
<div id="core.SeleniumTest.test_Title_ValidationIteration__17_:_exp:_Bank_of_America_act:_Bank_of_America__Banking_Credit_Cards_Mortgages_and_Auto_Loanserror" style="display:none;">
<div>
<pre>org.junit.ComparisonFailure: FAILED expected:&lt;Bank of America[]&gt; but was:&lt;Bank of America[ &#x2014; Banking, Credit Cards, Mortgages and Auto Loans]&gt;
	at org.junit.Assert.assertEquals(Assert.java:115)
	at core.SeleniumTest.test_Title_Validation(SeleniumTest.java:51)
	at sun.reflect.GeneratedMethodAccessor1.invoke(Unknown Source)
	at sun.reflect.DelegatingMethodAccessorImpl.invoke(DelegatingMethodAccessorImpl.java:43)
	at java.lang.reflect.Method.invoke(Method.java:606)
	at org.junit.runners.model.FrameworkMethod$1.runReflectiveCall(FrameworkMethod.java:50)
	at org.junit.internal.runners.model.ReflectiveCallable.run(ReflectiveCallable.java:12)
	at org.junit.runners.model.FrameworkMethod.invokeExplosively(FrameworkMethod.java:47)
	at org.junit.internal.runners.statements.InvokeMethod.evaluate(InvokeMethod.java:17)
	at org.junit.runners.ParentRunner.runLeaf(ParentRunner.java:325)
	at org.junit.runners.BlockJUnit4ClassRunner.runChild(BlockJUnit4ClassRunner.java:78)
	at org.junit.runners.BlockJUnit4ClassRunner.runChild(BlockJUnit4ClassRunner.java:57)
	at org.junit.runners.ParentRunner$3.run(ParentRunner.java:290)
	at org.junit.runners.ParentRunner$1.schedule(ParentRunner.java:71)
	at org.junit.runners.ParentRunner.runChildren(ParentRunner.java:288)
	at org.junit.runners.ParentRunner.access$000(ParentRunner.java:58)
	at org.junit.runners.ParentRunner$2.evaluate(ParentRunner.java:268)
	at org.junit.runners.ParentRunner.run(ParentRunner.java:363)
	at org.junit.runners.Suite.runChild(Suite.java:128)
	at org.junit.runners.Suite.runChild(Suite.java:27)
	at org.junit.runners.ParentRunner$3.run(ParentRunner.java:290)
	at org.junit.runners.ParentRunner$1.schedule(ParentRunner.java:71)
	at org.junit.runners.ParentRunner.runChildren(ParentRunner.java:288)
	at org.junit.runners.ParentRunner.access$000(ParentRunner.java:58)
	at org.junit.runners.ParentRunner$2.evaluate(ParentRunner.java:268)
	at org.junit.internal.runners.statements.RunBefores.evaluate(RunBefores.java:26)
	at org.junit.runners.ParentRunner.run(ParentRunner.java:363)
	at org.junit.runners.Suite.runChild(Suite.java:128)
	at org.junit.runners.Suite.runChild(Suite.java:27)
	at org.junit.runners.ParentRunner$3.run(ParentRunner.java:290)
	at org.junit.runners.ParentRunner$1.schedule(ParentRunner.java:71)
	at org.junit.runners.ParentRunner.runChildren(ParentRunner.java:288)
	at org.junit.runners.ParentRunner.access$000(ParentRunner.java:58)
	at org.junit.runners.ParentRunner$2.evaluate(ParentRunner.java:268)
	at org.junit.runners.ParentRunner.run(ParentRunner.java:363)
	at org.apache.maven.surefire.junit4.JUnit4Provider.execute(JUnit4Provider.java:252)
	at org.apache.maven.surefire.junit4.JUnit4Provider.executeTestSet(JUnit4Provider.java:141)
	at org.apache.maven.surefire.junit4.JUnit4Provider.invoke(JUnit4Provider.java:112)
	at sun.reflect.NativeMethodAccessorImpl.invoke0(Native Method)
	at sun.reflect.NativeMethodAccessorImpl.invoke(NativeMethodAccessorImpl.java:57)
	at sun.reflect.DelegatingMethodAccessorImpl.invoke(DelegatingMethodAccessorImpl.java:43)
	at java.lang.reflect.Method.invoke(Method.java:606)
	at org.apache.maven.surefire.util.ReflectionUtils.invokeMethodWithArray(ReflectionUtils.java:189)
	at org.apache.maven.surefire.booter.ProviderFactory$ProviderProxy.invoke(ProviderFactory.java:165)
	at org.apache.maven.surefire.booter.ProviderFactory.invokeProvider(ProviderFactory.java:85)
	at org.apache.maven.surefire.booter.ForkedBooter.runSuitesInProcess(ForkedBooter.java:115)
	at org.apache.maven.surefire.booter.ForkedBooter.main(ForkedBooter.java:75)</pre></div></div></td>
<td></td></tr>
<tr class="a">
<td><a href="#core.SeleniumTest.test_Title_ValidationIteration__18_:_exp:_Wells_Fargo__act:_Wells_Fargo_-_Personal__Business_Banking_-_Student_Auto__Home_Loans_-_Investing__Insurance"><img src="images/icon_error_sml.gif" alt="" /></a></td>
<td><a name="TC_core.SeleniumTest.test_Title_ValidationIteration__18_:_exp:_Wells_Fargo__act:_Wells_Fargo_-_Personal__Business_Banking_-_Student_Auto__Home_Loans_-_Investing__Insurance"></a><a href="#core.SeleniumTest.test_Title_ValidationIteration__18_:_exp:_Wells_Fargo__act:_Wells_Fargo_-_Personal__Business_Banking_-_Student_Auto__Home_Loans_-_Investing__Insurance">test_Title_Validation[Iteration # 18 : exp: Wells Fargo ; act: Wells Fargo - Personal &amp; Business Banking - Student, Auto &amp; Home Loans - Investing &amp; Insurance]</a>
<div class="detailToggle" style="display:inline"><a href="javascript:toggleDisplay(&apos;core.SeleniumTest.test_Title_ValidationIteration__18_:_exp:_Wells_Fargo__act:_Wells_Fargo_-_Personal__Business_Banking_-_Student_Auto__Home_Loans_-_Investing__Insurance&apos;);"><span style="display:inline;" id="core.SeleniumTest.test_Title_ValidationIteration__18_:_exp:_Wells_Fargo__act:_Wells_Fargo_-_Personal__Business_Banking_-_Student_Auto__Home_Loans_-_Investing__Insuranceoff"> + </span><span style="display:none;" id="core.SeleniumTest.test_Title_ValidationIteration__18_:_exp:_Wells_Fargo__act:_Wells_Fargo_-_Personal__Business_Banking_-_Student_Auto__Home_Loans_-_Investing__Insuranceon"> - </span>[ Detail ]</a></div></td>
<td>0</td></tr>
<tr class="b">
<td></td>
<td>FAILED expected:&lt;Wells Fargo []&gt; but was:&lt;Wells Fargo [- Personal &amp; Business Banking - Student, Auto &amp; Home Loans - Investing &amp; Insurance]&gt;</td>
<td></td></tr>
<tr class="a">
<td></td>
<td>
<div id="core.SeleniumTest.test_Title_ValidationIteration__18_:_exp:_Wells_Fargo__act:_Wells_Fargo_-_Personal__Business_Banking_-_Student_Auto__Home_Loans_-_Investing__Insuranceerror" style="display:none;">
<div>
<pre>org.junit.ComparisonFailure: FAILED expected:&lt;Wells Fargo []&gt; but was:&lt;Wells Fargo [- Personal &amp; Business Banking - Student, Auto &amp; Home Loans - Investing &amp; Insurance]&gt;
	at org.junit.Assert.assertEquals(Assert.java:115)
	at core.SeleniumTest.test_Title_Validation(SeleniumTest.java:51)
	at sun.reflect.GeneratedMethodAccessor1.invoke(Unknown Source)
	at sun.reflect.DelegatingMethodAccessorImpl.invoke(DelegatingMethodAccessorImpl.java:43)
	at java.lang.reflect.Method.invoke(Method.java:606)
	at org.junit.runners.model.FrameworkMethod$1.runReflectiveCall(FrameworkMethod.java:50)
	at org.junit.internal.runners.model.ReflectiveCallable.run(ReflectiveCallable.java:12)
	at org.junit.runners.model.FrameworkMethod.invokeExplosively(FrameworkMethod.java:47)
	at org.junit.internal.runners.statements.InvokeMethod.evaluate(InvokeMethod.java:17)
	at org.junit.runners.ParentRunner.runLeaf(ParentRunner.java:325)
	at org.junit.runners.BlockJUnit4ClassRunner.runChild(BlockJUnit4ClassRunner.java:78)
	at org.junit.runners.BlockJUnit4ClassRunner.runChild(BlockJUnit4ClassRunner.java:57)
	at org.junit.runners.ParentRunner$3.run(ParentRunner.java:290)
	at org.junit.runners.ParentRunner$1.schedule(ParentRunner.java:71)
	at org.junit.runners.ParentRunner.runChildren(ParentRunner.java:288)
	at org.junit.runners.ParentRunner.access$000(ParentRunner.java:58)
	at org.junit.runners.ParentRunner$2.evaluate(ParentRunner.java:268)
	at org.junit.runners.ParentRunner.run(ParentRunner.java:363)
	at org.junit.runners.Suite.runChild(Suite.java:128)
	at org.junit.runners.Suite.runChild(Suite.java:27)
	at org.junit.runners.ParentRunner$3.run(ParentRunner.java:290)
	at org.junit.runners.ParentRunner$1.schedule(ParentRunner.java:71)
	at org.junit.runners.ParentRunner.runChildren(ParentRunner.java:288)
	at org.junit.runners.ParentRunner.access$000(ParentRunner.java:58)
	at org.junit.runners.ParentRunner$2.evaluate(ParentRunner.java:268)
	at org.junit.internal.runners.statements.RunBefores.evaluate(RunBefores.java:26)
	at org.junit.runners.ParentRunner.run(ParentRunner.java:363)
	at org.junit.runners.Suite.runChild(Suite.java:128)
	at org.junit.runners.Suite.runChild(Suite.java:27)
	at org.junit.runners.ParentRunner$3.run(ParentRunner.java:290)
	at org.junit.runners.ParentRunner$1.schedule(ParentRunner.java:71)
	at org.junit.runners.ParentRunner.runChildren(ParentRunner.java:288)
	at org.junit.runners.ParentRunner.access$000(ParentRunner.java:58)
	at org.junit.runners.ParentRunner$2.evaluate(ParentRunner.java:268)
	at org.junit.runners.ParentRunner.run(ParentRunner.java:363)
	at org.apache.maven.surefire.junit4.JUnit4Provider.execute(JUnit4Provider.java:252)
	at org.apache.maven.surefire.junit4.JUnit4Provider.executeTestSet(JUnit4Provider.java:141)
	at org.apache.maven.surefire.junit4.JUnit4Provider.invoke(JUnit4Provider.java:112)
	at sun.reflect.NativeMethodAccessorImpl.invoke0(Native Method)
	at sun.reflect.NativeMethodAccessorImpl.invoke(NativeMethodAccessorImpl.java:57)
	at sun.reflect.DelegatingMethodAccessorImpl.invoke(DelegatingMethodAccessorImpl.java:43)
	at java.lang.reflect.Method.invoke(Method.java:606)
	at org.apache.maven.surefire.util.ReflectionUtils.invokeMethodWithArray(ReflectionUtils.java:189)
	at org.apache.maven.surefire.booter.ProviderFactory$ProviderProxy.invoke(ProviderFactory.java:165)
	at org.apache.maven.surefire.booter.ProviderFactory.invokeProvider(ProviderFactory.java:85)
	at org.apache.maven.surefire.booter.ForkedBooter.runSuitesInProcess(ForkedBooter.java:115)
	at org.apache.maven.surefire.booter.ForkedBooter.main(ForkedBooter.java:75)</pre></div></div></td>
<td></td></tr>
<tr class="b">
<td><img src="images/icon_success_sml.gif" alt="" /></td>
<td><a name="TC_core.SeleniumTest.test_Title_ValidationIteration__19_:_exp:_Chase_Bank_-_Credit_Card_Mortgage_Auto_Banking_Services_act:_Chase_Bank_-_Credit_Card_Mortgage_Auto_Banking_Services"></a>test_Title_Validation[Iteration # 19 : exp: Chase Bank - Credit Card, Mortgage, Auto, Banking Services; act: Chase Bank - Credit Card, Mortgage, Auto, Banking Services]</td>
<td>0</td></tr>
<tr class="a">
<td><a href="#core.SeleniumTest.test_Title_ValidationIteration__20_:_exp:_Chase_act:_Chase_Bank_-_Credit_Card_Mortgage_Auto_Banking_Services"><img src="images/icon_error_sml.gif" alt="" /></a></td>
<td><a name="TC_core.SeleniumTest.test_Title_ValidationIteration__20_:_exp:_Chase_act:_Chase_Bank_-_Credit_Card_Mortgage_Auto_Banking_Services"></a><a href="#core.SeleniumTest.test_Title_ValidationIteration__20_:_exp:_Chase_act:_Chase_Bank_-_Credit_Card_Mortgage_Auto_Banking_Services">test_Title_Validation[Iteration # 20 : exp: Chase; act: Chase Bank - Credit Card, Mortgage, Auto, Banking Services]</a>
<div class="detailToggle" style="display:inline"><a href="javascript:toggleDisplay(&apos;core.SeleniumTest.test_Title_ValidationIteration__20_:_exp:_Chase_act:_Chase_Bank_-_Credit_Card_Mortgage_Auto_Banking_Services&apos;);"><span style="display:inline;" id="core.SeleniumTest.test_Title_ValidationIteration__20_:_exp:_Chase_act:_Chase_Bank_-_Credit_Card_Mortgage_Auto_Banking_Servicesoff"> + </span><span style="display:none;" id="core.SeleniumTest.test_Title_ValidationIteration__20_:_exp:_Chase_act:_Chase_Bank_-_Credit_Card_Mortgage_Auto_Banking_Serviceson"> - </span>[ Detail ]</a></div></td>
<td>0</td></tr>
<tr class="b">
<td></td>
<td>FAILED expected:&lt;Chase[]&gt; but was:&lt;Chase[ Bank - Credit Card, Mortgage, Auto, Banking Services]&gt;</td>
<td></td></tr>
<tr class="a">
<td></td>
<td>
<div id="core.SeleniumTest.test_Title_ValidationIteration__20_:_exp:_Chase_act:_Chase_Bank_-_Credit_Card_Mortgage_Auto_Banking_Serviceserror" style="display:none;">
<div>
<pre>org.junit.ComparisonFailure: FAILED expected:&lt;Chase[]&gt; but was:&lt;Chase[ Bank - Credit Card, Mortgage, Auto, Banking Services]&gt;
	at org.junit.Assert.assertEquals(Assert.java:115)
	at core.SeleniumTest.test_Title_Validation(SeleniumTest.java:51)
	at sun.reflect.GeneratedMethodAccessor1.invoke(Unknown Source)
	at sun.reflect.DelegatingMethodAccessorImpl.invoke(DelegatingMethodAccessorImpl.java:43)
	at java.lang.reflect.Method.invoke(Method.java:606)
	at org.junit.runners.model.FrameworkMethod$1.runReflectiveCall(FrameworkMethod.java:50)
	at org.junit.internal.runners.model.ReflectiveCallable.run(ReflectiveCallable.java:12)
	at org.junit.runners.model.FrameworkMethod.invokeExplosively(FrameworkMethod.java:47)
	at org.junit.internal.runners.statements.InvokeMethod.evaluate(InvokeMethod.java:17)
	at org.junit.runners.ParentRunner.runLeaf(ParentRunner.java:325)
	at org.junit.runners.BlockJUnit4ClassRunner.runChild(BlockJUnit4ClassRunner.java:78)
	at org.junit.runners.BlockJUnit4ClassRunner.runChild(BlockJUnit4ClassRunner.java:57)
	at org.junit.runners.ParentRunner$3.run(ParentRunner.java:290)
	at org.junit.runners.ParentRunner$1.schedule(ParentRunner.java:71)
	at org.junit.runners.ParentRunner.runChildren(ParentRunner.java:288)
	at org.junit.runners.ParentRunner.access$000(ParentRunner.java:58)
	at org.junit.runners.ParentRunner$2.evaluate(ParentRunner.java:268)
	at org.junit.runners.ParentRunner.run(ParentRunner.java:363)
	at org.junit.runners.Suite.runChild(Suite.java:128)
	at org.junit.runners.Suite.runChild(Suite.java:27)
	at org.junit.runners.ParentRunner$3.run(ParentRunner.java:290)
	at org.junit.runners.ParentRunner$1.schedule(ParentRunner.java:71)
	at org.junit.runners.ParentRunner.runChildren(ParentRunner.java:288)
	at org.junit.runners.ParentRunner.access$000(ParentRunner.java:58)
	at org.junit.runners.ParentRunner$2.evaluate(ParentRunner.java:268)
	at org.junit.internal.runners.statements.RunBefores.evaluate(RunBefores.java:26)
	at org.junit.runners.ParentRunner.run(ParentRunner.java:363)
	at org.junit.runners.Suite.runChild(Suite.java:128)
	at org.junit.runners.Suite.runChild(Suite.java:27)
	at org.junit.runners.ParentRunner$3.run(ParentRunner.java:290)
	at org.junit.runners.ParentRunner$1.schedule(ParentRunner.java:71)
	at org.junit.runners.ParentRunner.runChildren(ParentRunner.java:288)
	at org.junit.runners.ParentRunner.access$000(ParentRunner.java:58)
	at org.junit.runners.ParentRunner$2.evaluate(ParentRunner.java:268)
	at org.junit.runners.ParentRunner.run(ParentRunner.java:363)
	at org.apache.maven.surefire.junit4.JUnit4Provider.execute(JUnit4Provider.java:252)
	at org.apache.maven.surefire.junit4.JUnit4Provider.executeTestSet(JUnit4Provider.java:141)
	at org.apache.maven.surefire.junit4.JUnit4Provider.invoke(JUnit4Provider.java:112)
	at sun.reflect.NativeMethodAccessorImpl.invoke0(Native Method)
	at sun.reflect.NativeMethodAccessorImpl.invoke(NativeMethodAccessorImpl.java:57)
	at sun.reflect.DelegatingMethodAccessorImpl.invoke(DelegatingMethodAccessorImpl.java:43)
	at java.lang.reflect.Method.invoke(Method.java:606)
	at org.apache.maven.surefire.util.ReflectionUtils.invokeMethodWithArray(ReflectionUtils.java:189)
	at org.apache.maven.surefire.booter.ProviderFactory$ProviderProxy.invoke(ProviderFactory.java:165)
	at org.apache.maven.surefire.booter.ProviderFactory.invokeProvider(ProviderFactory.java:85)
	at org.apache.maven.surefire.booter.ForkedBooter.runSuitesInProcess(ForkedBooter.java:115)
	at org.apache.maven.surefire.booter.ForkedBooter.main(ForkedBooter.java:75)</pre></div></div></td>
<td></td></tr>
<tr class="b">
<td><a href="#core.SeleniumTest.test_Title_ValidationIteration__21_:_exp:_Electronics_act:_Electronics__Appliances:_Tablets_Smartphones_TVs__Samsung_US"><img src="images/icon_error_sml.gif" alt="" /></a></td>
<td><a name="TC_core.SeleniumTest.test_Title_ValidationIteration__21_:_exp:_Electronics_act:_Electronics__Appliances:_Tablets_Smartphones_TVs__Samsung_US"></a><a href="#core.SeleniumTest.test_Title_ValidationIteration__21_:_exp:_Electronics_act:_Electronics__Appliances:_Tablets_Smartphones_TVs__Samsung_US">test_Title_Validation[Iteration # 21 : exp: Electronics; act: Electronics &amp; Appliances: Tablets, Smartphones, TVs | Samsung US]</a>
<div class="detailToggle" style="display:inline"><a href="javascript:toggleDisplay(&apos;core.SeleniumTest.test_Title_ValidationIteration__21_:_exp:_Electronics_act:_Electronics__Appliances:_Tablets_Smartphones_TVs__Samsung_US&apos;);"><span style="display:inline;" id="core.SeleniumTest.test_Title_ValidationIteration__21_:_exp:_Electronics_act:_Electronics__Appliances:_Tablets_Smartphones_TVs__Samsung_USoff"> + </span><span style="display:none;" id="core.SeleniumTest.test_Title_ValidationIteration__21_:_exp:_Electronics_act:_Electronics__Appliances:_Tablets_Smartphones_TVs__Samsung_USon"> - </span>[ Detail ]</a></div></td>
<td>0</td></tr>
<tr class="a">
<td></td>
<td>FAILED expected:&lt;Electronics[]&gt; but was:&lt;Electronics[ &amp; Appliances: Tablets, Smartphones, TVs | Samsung US]&gt;</td>
<td></td></tr>
<tr class="b">
<td></td>
<td>
<div id="core.SeleniumTest.test_Title_ValidationIteration__21_:_exp:_Electronics_act:_Electronics__Appliances:_Tablets_Smartphones_TVs__Samsung_USerror" style="display:none;">
<div>
<pre>org.junit.ComparisonFailure: FAILED expected:&lt;Electronics[]&gt; but was:&lt;Electronics[ &amp; Appliances: Tablets, Smartphones, TVs | Samsung US]&gt;
	at org.junit.Assert.assertEquals(Assert.java:115)
	at core.SeleniumTest.test_Title_Validation(SeleniumTest.java:51)
	at sun.reflect.GeneratedMethodAccessor1.invoke(Unknown Source)
	at sun.reflect.DelegatingMethodAccessorImpl.invoke(DelegatingMethodAccessorImpl.java:43)
	at java.lang.reflect.Method.invoke(Method.java:606)
	at org.junit.runners.model.FrameworkMethod$1.runReflectiveCall(FrameworkMethod.java:50)
	at org.junit.internal.runners.model.ReflectiveCallable.run(ReflectiveCallable.java:12)
	at org.junit.runners.model.FrameworkMethod.invokeExplosively(FrameworkMethod.java:47)
	at org.junit.internal.runners.statements.InvokeMethod.evaluate(InvokeMethod.java:17)
	at org.junit.runners.ParentRunner.runLeaf(ParentRunner.java:325)
	at org.junit.runners.BlockJUnit4ClassRunner.runChild(BlockJUnit4ClassRunner.java:78)
	at org.junit.runners.BlockJUnit4ClassRunner.runChild(BlockJUnit4ClassRunner.java:57)
	at org.junit.runners.ParentRunner$3.run(ParentRunner.java:290)
	at org.junit.runners.ParentRunner$1.schedule(ParentRunner.java:71)
	at org.junit.runners.ParentRunner.runChildren(ParentRunner.java:288)
	at org.junit.runners.ParentRunner.access$000(ParentRunner.java:58)
	at org.junit.runners.ParentRunner$2.evaluate(ParentRunner.java:268)
	at org.junit.runners.ParentRunner.run(ParentRunner.java:363)
	at org.junit.runners.Suite.runChild(Suite.java:128)
	at org.junit.runners.Suite.runChild(Suite.java:27)
	at org.junit.runners.ParentRunner$3.run(ParentRunner.java:290)
	at org.junit.runners.ParentRunner$1.schedule(ParentRunner.java:71)
	at org.junit.runners.ParentRunner.runChildren(ParentRunner.java:288)
	at org.junit.runners.ParentRunner.access$000(ParentRunner.java:58)
	at org.junit.runners.ParentRunner$2.evaluate(ParentRunner.java:268)
	at org.junit.internal.runners.statements.RunBefores.evaluate(RunBefores.java:26)
	at org.junit.runners.ParentRunner.run(ParentRunner.java:363)
	at org.junit.runners.Suite.runChild(Suite.java:128)
	at org.junit.runners.Suite.runChild(Suite.java:27)
	at org.junit.runners.ParentRunner$3.run(ParentRunner.java:290)
	at org.junit.runners.ParentRunner$1.schedule(ParentRunner.java:71)
	at org.junit.runners.ParentRunner.runChildren(ParentRunner.java:288)
	at org.junit.runners.ParentRunner.access$000(ParentRunner.java:58)
	at org.junit.runners.ParentRunner$2.evaluate(ParentRunner.java:268)
	at org.junit.runners.ParentRunner.run(ParentRunner.java:363)
	at org.apache.maven.surefire.junit4.JUnit4Provider.execute(JUnit4Provider.java:252)
	at org.apache.maven.surefire.junit4.JUnit4Provider.executeTestSet(JUnit4Provider.java:141)
	at org.apache.maven.surefire.junit4.JUnit4Provider.invoke(JUnit4Provider.java:112)
	at sun.reflect.NativeMethodAccessorImpl.invoke0(Native Method)
	at sun.reflect.NativeMethodAccessorImpl.invoke(NativeMethodAccessorImpl.java:57)
	at sun.reflect.DelegatingMethodAccessorImpl.invoke(DelegatingMethodAccessorImpl.java:43)
	at java.lang.reflect.Method.invoke(Method.java:606)
	at org.apache.maven.surefire.util.ReflectionUtils.invokeMethodWithArray(ReflectionUtils.java:189)
	at org.apache.maven.surefire.booter.ProviderFactory$ProviderProxy.invoke(ProviderFactory.java:165)
	at org.apache.maven.surefire.booter.ProviderFactory.invokeProvider(ProviderFactory.java:85)
	at org.apache.maven.surefire.booter.ForkedBooter.runSuitesInProcess(ForkedBooter.java:115)
	at org.apache.maven.surefire.booter.ForkedBooter.main(ForkedBooter.java:75)</pre></div></div></td>
<td></td></tr>
<tr class="a">
<td><img src="images/icon_success_sml.gif" alt="" /></td>
<td><a name="TC_core.SeleniumTest.test_Title_ValidationIteration__22_:_exp:_Tesla_Motors__Premium_Electric_Vehicles_act:_Tesla_Motors__Premium_Electric_Vehicles"></a>test_Title_Validation[Iteration # 22 : exp: Tesla Motors | Premium Electric Vehicles; act: Tesla Motors | Premium Electric Vehicles]</td>
<td>0</td></tr>
<tr class="b">
<td><a href="#core.SeleniumTest.test_Title_ValidationIteration__23_:_exp:_New_Cars_act:_New_Cars_Trucks_SUVs__Hybrids__Toyota_Official_Site"><img src="images/icon_error_sml.gif" alt="" /></a></td>
<td><a name="TC_core.SeleniumTest.test_Title_ValidationIteration__23_:_exp:_New_Cars_act:_New_Cars_Trucks_SUVs__Hybrids__Toyota_Official_Site"></a><a href="#core.SeleniumTest.test_Title_ValidationIteration__23_:_exp:_New_Cars_act:_New_Cars_Trucks_SUVs__Hybrids__Toyota_Official_Site">test_Title_Validation[Iteration # 23 : exp: New Cars; act: New Cars, Trucks, SUVs &amp; Hybrids | Toyota Official Site]</a>
<div class="detailToggle" style="display:inline"><a href="javascript:toggleDisplay(&apos;core.SeleniumTest.test_Title_ValidationIteration__23_:_exp:_New_Cars_act:_New_Cars_Trucks_SUVs__Hybrids__Toyota_Official_Site&apos;);"><span style="display:inline;" id="core.SeleniumTest.test_Title_ValidationIteration__23_:_exp:_New_Cars_act:_New_Cars_Trucks_SUVs__Hybrids__Toyota_Official_Siteoff"> + </span><span style="display:none;" id="core.SeleniumTest.test_Title_ValidationIteration__23_:_exp:_New_Cars_act:_New_Cars_Trucks_SUVs__Hybrids__Toyota_Official_Siteon"> - </span>[ Detail ]</a></div></td>
<td>0</td></tr>
<tr class="a">
<td></td>
<td>FAILED expected:&lt;New Cars[]&gt; but was:&lt;New Cars[, Trucks, SUVs &amp; Hybrids | Toyota Official Site]&gt;</td>
<td></td></tr>
<tr class="b">
<td></td>
<td>
<div id="core.SeleniumTest.test_Title_ValidationIteration__23_:_exp:_New_Cars_act:_New_Cars_Trucks_SUVs__Hybrids__Toyota_Official_Siteerror" style="display:none;">
<div>
<pre>org.junit.ComparisonFailure: FAILED expected:&lt;New Cars[]&gt; but was:&lt;New Cars[, Trucks, SUVs &amp; Hybrids | Toyota Official Site]&gt;
	at org.junit.Assert.assertEquals(Assert.java:115)
	at core.SeleniumTest.test_Title_Validation(SeleniumTest.java:51)
	at sun.reflect.GeneratedMethodAccessor1.invoke(Unknown Source)
	at sun.reflect.DelegatingMethodAccessorImpl.invoke(DelegatingMethodAccessorImpl.java:43)
	at java.lang.reflect.Method.invoke(Method.java:606)
	at org.junit.runners.model.FrameworkMethod$1.runReflectiveCall(FrameworkMethod.java:50)
	at org.junit.internal.runners.model.ReflectiveCallable.run(ReflectiveCallable.java:12)
	at org.junit.runners.model.FrameworkMethod.invokeExplosively(FrameworkMethod.java:47)
	at org.junit.internal.runners.statements.InvokeMethod.evaluate(InvokeMethod.java:17)
	at org.junit.runners.ParentRunner.runLeaf(ParentRunner.java:325)
	at org.junit.runners.BlockJUnit4ClassRunner.runChild(BlockJUnit4ClassRunner.java:78)
	at org.junit.runners.BlockJUnit4ClassRunner.runChild(BlockJUnit4ClassRunner.java:57)
	at org.junit.runners.ParentRunner$3.run(ParentRunner.java:290)
	at org.junit.runners.ParentRunner$1.schedule(ParentRunner.java:71)
	at org.junit.runners.ParentRunner.runChildren(ParentRunner.java:288)
	at org.junit.runners.ParentRunner.access$000(ParentRunner.java:58)
	at org.junit.runners.ParentRunner$2.evaluate(ParentRunner.java:268)
	at org.junit.runners.ParentRunner.run(ParentRunner.java:363)
	at org.junit.runners.Suite.runChild(Suite.java:128)
	at org.junit.runners.Suite.runChild(Suite.java:27)
	at org.junit.runners.ParentRunner$3.run(ParentRunner.java:290)
	at org.junit.runners.ParentRunner$1.schedule(ParentRunner.java:71)
	at org.junit.runners.ParentRunner.runChildren(ParentRunner.java:288)
	at org.junit.runners.ParentRunner.access$000(ParentRunner.java:58)
	at org.junit.runners.ParentRunner$2.evaluate(ParentRunner.java:268)
	at org.junit.internal.runners.statements.RunBefores.evaluate(RunBefores.java:26)
	at org.junit.runners.ParentRunner.run(ParentRunner.java:363)
	at org.junit.runners.Suite.runChild(Suite.java:128)
	at org.junit.runners.Suite.runChild(Suite.java:27)
	at org.junit.runners.ParentRunner$3.run(ParentRunner.java:290)
	at org.junit.runners.ParentRunner$1.schedule(ParentRunner.java:71)
	at org.junit.runners.ParentRunner.runChildren(ParentRunner.java:288)
	at org.junit.runners.ParentRunner.access$000(ParentRunner.java:58)
	at org.junit.runners.ParentRunner$2.evaluate(ParentRunner.java:268)
	at org.junit.runners.ParentRunner.run(ParentRunner.java:363)
	at org.apache.maven.surefire.junit4.JUnit4Provider.execute(JUnit4Provider.java:252)
	at org.apache.maven.surefire.junit4.JUnit4Provider.executeTestSet(JUnit4Provider.java:141)
	at org.apache.maven.surefire.junit4.JUnit4Provider.invoke(JUnit4Provider.java:112)
	at sun.reflect.NativeMethodAccessorImpl.invoke0(Native Method)
	at sun.reflect.NativeMethodAccessorImpl.invoke(NativeMethodAccessorImpl.java:57)
	at sun.reflect.DelegatingMethodAccessorImpl.invoke(DelegatingMethodAccessorImpl.java:43)
	at java.lang.reflect.Method.invoke(Method.java:606)
	at org.apache.maven.surefire.util.ReflectionUtils.invokeMethodWithArray(ReflectionUtils.java:189)
	at org.apache.maven.surefire.booter.ProviderFactory$ProviderProxy.invoke(ProviderFactory.java:165)
	at org.apache.maven.surefire.booter.ProviderFactory.invokeProvider(ProviderFactory.java:85)
	at org.apache.maven.surefire.booter.ForkedBooter.runSuitesInProcess(ForkedBooter.java:115)
	at org.apache.maven.surefire.booter.ForkedBooter.main(ForkedBooter.java:75)</pre></div></div></td>
<td></td></tr>
<tr class="a">
<td><img src="images/icon_success_sml.gif" alt="" /></td>
<td><a name="TC_core.SeleniumTest.test_Title_ValidationIteration__24_:_exp:_Red_Bull_Gives_You_Wings_-_RedBull.com_act:_Red_Bull_Gives_You_Wings_-_RedBull.com"></a>test_Title_Validation[Iteration # 24 : exp: Red Bull Gives You Wings - RedBull.com; act: Red Bull Gives You Wings - RedBull.com]</td>
<td>0</td></tr></table></div><br /></div>
<div class="section">
<h2>Failure Details<a name="Failure_Details"></a></h2><a name="Failure_Details"></a>
<p>[<a href="#Summary">Summary</a>] [<a href="#Package_List">Package List</a>] [<a href="#Test_Cases">Test Cases</a>]</p><br />
<table border="1" class="bodyTable">
<tr class="a">
<td><img src="images/icon_error_sml.gif" alt="" /></td>
<td><a name="core.SeleniumTest.test_Title_ValidationIteration__2_:_exp:_www.alegro.net_act:_www.alegro.com"></a>test_Title_Validation[Iteration # 2 : exp: www.alegro.net; act: www.alegro.com]</td></tr>
<tr class="b">
<td></td>
<td>org.junit.ComparisonFailure: FAILED expected:&lt;www.alegro.[net]&gt; but was:&lt;www.alegro.[com]&gt;</td></tr>
<tr class="a">
<td></td>
<td>
<div id="test_Title_Validation[Iteration # 2 : exp: www.alegro.net; act: www.alegro.com]error">core.SeleniumTest:51</div></td></tr>
<tr class="b">
<td><img src="images/icon_error_sml.gif" alt="" /></td>
<td><a name="core.SeleniumTest.test_Title_ValidationIteration__3_:_exp:_Page_act:_Main_-_Wikipedia_the_free_encyclopedia"></a>test_Title_Validation[Iteration # 3 : exp: Page; act: Main - Wikipedia, the free encyclopedia]</td></tr>
<tr class="a">
<td></td>
<td>org.junit.ComparisonFailure: FAILED expected:&lt;[Page]&gt; but was:&lt;[Main - Wikipedia, the free encyclopedia]&gt;</td></tr>
<tr class="b">
<td></td>
<td>
<div id="test_Title_Validation[Iteration # 3 : exp: Page; act: Main - Wikipedia, the free encyclopedia]error">core.SeleniumTest:51</div></td></tr>
<tr class="a">
<td><img src="images/icon_error_sml.gif" alt="" /></td>
<td><a name="core.SeleniumTest.test_Title_ValidationIteration__5_:_exp:_gogle_act:_Google"></a>test_Title_Validation[Iteration # 5 : exp: gogle; act: Google]</td></tr>
<tr class="b">
<td></td>
<td>org.junit.ComparisonFailure: FAILED expected:&lt;[g]ogle&gt; but was:&lt;[Go]ogle&gt;</td></tr>
<tr class="a">
<td></td>
<td>
<div id="test_Title_Validation[Iteration # 5 : exp: gogle; act: Google]error">core.SeleniumTest:51</div></td></tr>
<tr class="b">
<td><img src="images/icon_error_sml.gif" alt="" /></td>
<td><a name="core.SeleniumTest.test_Title_ValidationIteration__7_:_exp:_Google_Mops_act:_Google_Maps"></a>test_Title_Validation[Iteration # 7 : exp: Google Mops; act: Google Maps]</td></tr>
<tr class="a">
<td></td>
<td>org.junit.ComparisonFailure: FAILED expected:&lt;Google M[o]ps&gt; but was:&lt;Google M[a]ps&gt;</td></tr>
<tr class="b">
<td></td>
<td>
<div id="test_Title_Validation[Iteration # 7 : exp: Google Mops; act: Google Maps]error">core.SeleniumTest:51</div></td></tr>
<tr class="a">
<td><img src="images/icon_error_sml.gif" alt="" /></td>
<td><a name="core.SeleniumTest.test_Title_ValidationIteration__9_:_exp:_Google_act:_Google_Play"></a>test_Title_Validation[Iteration # 9 : exp: Google; act: Google Play]</td></tr>
<tr class="b">
<td></td>
<td>org.junit.ComparisonFailure: FAILED expected:&lt;Google[]&gt; but was:&lt;Google[ Play]&gt;</td></tr>
<tr class="a">
<td></td>
<td>
<div id="test_Title_Validation[Iteration # 9 : exp: Google; act: Google Play]error">core.SeleniumTest:51</div></td></tr>
<tr class="b">
<td><img src="images/icon_error_sml.gif" alt="" /></td>
<td><a name="core.SeleniumTest.test_Title_ValidationIteration__11_:_exp:_ahoo_act:_Yahoo"></a>test_Title_Validation[Iteration # 11 : exp: ahoo; act: Yahoo]</td></tr>
<tr class="a">
<td></td>
<td>org.junit.ComparisonFailure: FAILED expected:&lt;[]ahoo&gt; but was:&lt;[Y]ahoo&gt;</td></tr>
<tr class="b">
<td></td>
<td>
<div id="test_Title_Validation[Iteration # 11 : exp: ahoo; act: Yahoo]error">core.SeleniumTest:51</div></td></tr>
<tr class="a">
<td><img src="images/icon_error_sml.gif" alt="" /></td>
<td><a name="core.SeleniumTest.test_Title_ValidationIteration__12_:_exp:_YouTube_act:_Your_browser_is_deprecated._Please_upgrade._-_YouTube"></a>test_Title_Validation[Iteration # 12 : exp: YouTube; act: Your browser is deprecated. Please upgrade. - YouTube]</td></tr>
<tr class="b">
<td></td>
<td>org.junit.ComparisonFailure: FAILED expected:&lt;You[]Tube&gt; but was:&lt;You[r browser is deprecated. Please upgrade. - You]Tube&gt;</td></tr>
<tr class="a">
<td></td>
<td>
<div id="test_Title_Validation[Iteration # 12 : exp: YouTube; act: Your browser is deprecated. Please upgrade. - YouTube]error">core.SeleniumTest:51</div></td></tr>
<tr class="b">
<td><img src="images/icon_error_sml.gif" alt="" /></td>
<td><a name="core.SeleniumTest.test_Title_ValidationIteration__13_:_exp:_You_act:_YouTube"></a>test_Title_Validation[Iteration # 13 : exp: You; act: YouTube]</td></tr>
<tr class="a">
<td></td>
<td>org.junit.ComparisonFailure: FAILED expected:&lt;You[]&gt; but was:&lt;You[Tube]&gt;</td></tr>
<tr class="b">
<td></td>
<td>
<div id="test_Title_Validation[Iteration # 13 : exp: You; act: YouTube]error">core.SeleniumTest:51</div></td></tr>
<tr class="a">
<td><img src="images/icon_error_sml.gif" alt="" /></td>
<td><a name="core.SeleniumTest.test_Title_ValidationIteration__14_:_exp:_DROM:_Live_Music_Venue_in_NYC_act:_Google_News"></a>test_Title_Validation[Iteration # 14 : exp: DROM: Live Music Venue in NYC; act: Google News]</td></tr>
<tr class="b">
<td></td>
<td>org.junit.ComparisonFailure: FAILED expected:&lt;[DROM: Live Music Venue in NYC]&gt; but was:&lt;[Google News]&gt;</td></tr>
<tr class="a">
<td></td>
<td>
<div id="test_Title_Validation[Iteration # 14 : exp: DROM: Live Music Venue in NYC; act: Google News]error">core.SeleniumTest:51</div></td></tr>
<tr class="b">
<td><img src="images/icon_error_sml.gif" alt="" /></td>
<td><a name="core.SeleniumTest.test_Title_ValidationIteration__16_:_exp:_Real_Madrid_CF__Official_Website__act:_Vacation_Rentals_Homes_Apartments__Rooms_for_Rent_-_Airbnb"></a>test_Title_Validation[Iteration # 16 : exp: Real Madrid CF | Official Website ; act: Vacation Rentals, Homes, Apartments &amp; Rooms for Rent - Airbnb]</td></tr>
<tr class="a">
<td></td>
<td>org.junit.ComparisonFailure: FAILED expected:&lt;[Real Madrid CF | Official Website ]&gt; but was:&lt;[Vacation Rentals, Homes, Apartments &amp; Rooms for Rent - Airbnb]&gt;</td></tr>
<tr class="b">
<td></td>
<td>
<div id="test_Title_Validation[Iteration # 16 : exp: Real Madrid CF | Official Website ; act: Vacation Rentals, Homes, Apartments &amp; Rooms for Rent - Airbnb]error">core.SeleniumTest:51</div></td></tr>
<tr class="a">
<td><img src="images/icon_error_sml.gif" alt="" /></td>
<td><a name="core.SeleniumTest.test_Title_ValidationIteration__17_:_exp:_Bank_of_America_act:_Bank_of_America__Banking_Credit_Cards_Mortgages_and_Auto_Loans"></a>test_Title_Validation[Iteration # 17 : exp: Bank of America; act: Bank of America &#x2014; Banking, Credit Cards, Mortgages and Auto Loans]</td></tr>
<tr class="b">
<td></td>
<td>org.junit.ComparisonFailure: FAILED expected:&lt;Bank of America[]&gt; but was:&lt;Bank of America[ &#x2014; Banking, Credit Cards, Mortgages and Auto Loans]&gt;</td></tr>
<tr class="a">
<td></td>
<td>
<div id="test_Title_Validation[Iteration # 17 : exp: Bank of America; act: Bank of America &#x2014; Banking, Credit Cards, Mortgages and Auto Loans]error">core.SeleniumTest:51</div></td></tr>
<tr class="b">
<td><img src="images/icon_error_sml.gif" alt="" /></td>
<td><a name="core.SeleniumTest.test_Title_ValidationIteration__18_:_exp:_Wells_Fargo__act:_Wells_Fargo_-_Personal__Business_Banking_-_Student_Auto__Home_Loans_-_Investing__Insurance"></a>test_Title_Validation[Iteration # 18 : exp: Wells Fargo ; act: Wells Fargo - Personal &amp; Business Banking - Student, Auto &amp; Home Loans - Investing &amp; Insurance]</td></tr>
<tr class="a">
<td></td>
<td>org.junit.ComparisonFailure: FAILED expected:&lt;Wells Fargo []&gt; but was:&lt;Wells Fargo [- Personal &amp; Business Banking - Student, Auto &amp; Home Loans - Investing &amp; Insurance]&gt;</td></tr>
<tr class="b">
<td></td>
<td>
<div id="test_Title_Validation[Iteration # 18 : exp: Wells Fargo ; act: Wells Fargo - Personal &amp; Business Banking - Student, Auto &amp; Home Loans - Investing &amp; Insurance]error">core.SeleniumTest:51</div></td></tr>
<tr class="a">
<td><img src="images/icon_error_sml.gif" alt="" /></td>
<td><a name="core.SeleniumTest.test_Title_ValidationIteration__20_:_exp:_Chase_act:_Chase_Bank_-_Credit_Card_Mortgage_Auto_Banking_Services"></a>test_Title_Validation[Iteration # 20 : exp: Chase; act: Chase Bank - Credit Card, Mortgage, Auto, Banking Services]</td></tr>
<tr class="b">
<td></td>
<td>org.junit.ComparisonFailure: FAILED expected:&lt;Chase[]&gt; but was:&lt;Chase[ Bank - Credit Card, Mortgage, Auto, Banking Services]&gt;</td></tr>
<tr class="a">
<td></td>
<td>
<div id="test_Title_Validation[Iteration # 20 : exp: Chase; act: Chase Bank - Credit Card, Mortgage, Auto, Banking Services]error">core.SeleniumTest:51</div></td></tr>
<tr class="b">
<td><img src="images/icon_error_sml.gif" alt="" /></td>
<td><a name="core.SeleniumTest.test_Title_ValidationIteration__21_:_exp:_Electronics_act:_Electronics__Appliances:_Tablets_Smartphones_TVs__Samsung_US"></a>test_Title_Validation[Iteration # 21 : exp: Electronics; act: Electronics &amp; Appliances: Tablets, Smartphones, TVs | Samsung US]</td></tr>
<tr class="a">
<td></td>
<td>org.junit.ComparisonFailure: FAILED expected:&lt;Electronics[]&gt; but was:&lt;Electronics[ &amp; Appliances: Tablets, Smartphones, TVs | Samsung US]&gt;</td></tr>
<tr class="b">
<td></td>
<td>
<div id="test_Title_Validation[Iteration # 21 : exp: Electronics; act: Electronics &amp; Appliances: Tablets, Smartphones, TVs | Samsung US]error">core.SeleniumTest:51</div></td></tr>
<tr class="a">
<td><img src="images/icon_error_sml.gif" alt="" /></td>
<td><a name="core.SeleniumTest.test_Title_ValidationIteration__23_:_exp:_New_Cars_act:_New_Cars_Trucks_SUVs__Hybrids__Toyota_Official_Site"></a>test_Title_Validation[Iteration # 23 : exp: New Cars; act: New Cars, Trucks, SUVs &amp; Hybrids | Toyota Official Site]</td></tr>
<tr class="b">
<td></td>
<td>org.junit.ComparisonFailure: FAILED expected:&lt;New Cars[]&gt; but was:&lt;New Cars[, Trucks, SUVs &amp; Hybrids | Toyota Official Site]&gt;</td></tr>
<tr class="a">
<td></td>
<td>
<div id="test_Title_Validation[Iteration # 23 : exp: New Cars; act: New Cars, Trucks, SUVs &amp; Hybrids | Toyota Official Site]error">core.SeleniumTest:51</div></td></tr></table><br /></div>
      </div>
    </div>
    <div class="clear">
      <hr/>
    </div>
    <div id="footer">
      <div class="xright">
              Copyright &#169;                   2016.
          All Rights Reserved.      
                    
                  </div>
      <div class="clear">
        <hr/>
      </div>
    </div>
  </body>
</html>
